<?xml version="1.0" encoding="utf-8"?><testsuites name="pytest tests"><testsuite name="pytest" errors="0" failures="0" skipped="0" tests="28" time="11.198" timestamp="2026-08-30T15:53:20.305333+00:00" hostname="agent-env-4671fdbf-5d26-445a-b0a2-6c83e31cbdca"><testcase classname="tests.pytest.test_phase_f3_content.TestTestimonials" name="test_list_seeded" time="0.664" /><testcase classname="tests.pytest.test_phase_f3_content.TestTestimonials" name="test_validation_no_translations" time="0.067" /><testcase classname="tests.pytest.test_phase_f3_content.TestTestimonials" name="test_validation_bad_accent_color" time="0.067" /><testcase classname="tests.pytest.test_phase_f3_content.TestTestimonials" name="test_full_lifecycle" time="1.253" /><testcase classname="tests.pytest.test_phase_f3_content.TestTestimonials" name="test_search_filter" time="0.495" /><testcase classname="tests.pytest.test_phase_f3_content.TestServices" name="test_list_seeded_services" time="0.068" /><testcase classname="tests.pytest.test_phase_f3_content.TestServices" name="test_list_seeded_stats" time="0.061" /><testcase classname="tests.pytest.test_phase_f3_content.TestServices" name="test_service_validation" time="0.061" /><testcase classname="tests.pytest.test_phase_f3_content.TestServices" name="test_service_lifecycle" time="1.005" /><testcase classname="tests.pytest.test_phase_f3_content.TestServices" name="test_stat_lifecycle" time="1.488" /><testcase classname="tests.pytest.test_phase_f3_content.TestFaq" name="test_list_seeded_categories" time="0.060" /><testcase classname="tests.pytest.test_phase_f3_content.TestFaq" name="test_list_seeded_questions" time="0.064" /><testcase classname="tests.pytest.test_phase_f3_content.TestFaq" name="test_category_duplicate_slug_422" time="0.129" /><testcase classname="tests.pytest.test_phase_f3_content.TestFaq" name="test_category_lifecycle" time="2.106" /><testcase classname="tests.pytest.test_phase_f3_content.TestFaq" name="test_faq_validation" time="0.606" /><testcase classname="tests.pytest.test_phase_f3_content.TestSettings" name="test_index_groups" time="0.061" /><testcase classname="tests.pytest.test_phase_f3_content.TestSettings" name="test_update_and_persist" time="0.310" /><testcase classname="tests.pytest.test_phase_f3_content.TestSettings" name="test_unknown_setting_rejected" time="0.063" /><testcase classname="tests.pytest.test_phase_f3_content.TestPublicApi" name="test_requires_no_auth_testimonials" time="0.141" /><testcase classname="tests.pytest.test_phase_f3_content.TestPublicApi" name="test_locale_switch_testimonials" time="0.118" /><testcase classname="tests.pytest.test_phase_f3_content.TestPublicApi" name="test_services_public" time="0.074" /><testcase classname="tests.pytest.test_phase_f3_content.TestPublicApi" name="test_faqs_public" time="0.130" /><testcase classname="tests.pytest.test_phase_f3_content.TestPublicApi" name="test_settings_public_excludes_integration" time="0.064" /><testcase classname="tests.pytest.test_phase_f3_content.TestPublicApi" name="test_public_hides_inactive" time="0.255" /><testcase classname="tests.pytest.test_phase_f3_content.TestEditorPermissions" name="test_editor_can_view" time="0.830" /><testcase classname="tests.pytest.test_phase_f3_content.TestEditorPermissions" name="test_editor_can_update" time="0.234" /><testcase classname="tests.pytest.test_phase_f3_content.TestEditorPermissions" name="test_editor_force_delete_forbidden" time="0.472" /><testcase classname="tests.pytest.test_phase_f3_content.TestEditorPermissions" name="test_unauthenticated_admin_blocked" time="0.062" /></testsuite></testsuites>