<?xml version="1.0" encoding="utf-8"?><testsuites name="pytest tests"><testsuite name="pytest" errors="0" failures="0" skipped="0" tests="37" time="6.988" timestamp="2026-08-30T16:22:32.297020+00:00" hostname="agent-env-4671fdbf-5d26-445a-b0a2-6c83e31cbdca"><testcase classname="tests.pytest.test_phase_f4_hero_about.TestHeroSection" name="test_show_seeded_content" time="0.619" /><testcase classname="tests.pytest.test_phase_f4_hero_about.TestHeroSection" name="test_update_en_only_keeps_id_copy" time="0.285" /><testcase classname="tests.pytest.test_phase_f4_hero_about.TestHeroSection" name="test_update_media_links_and_visibility" time="0.274" /><testcase classname="tests.pytest.test_phase_f4_hero_about.TestHeroSection" name="test_invalid_profile_media_id" time="0.069" /><testcase classname="tests.pytest.test_phase_f4_hero_about.TestHeroMetrics" name="test_list_seeded" time="0.067" /><testcase classname="tests.pytest.test_phase_f4_hero_about.TestHeroMetrics" name="test_validation_empty_payload" time="0.070" /><testcase classname="tests.pytest.test_phase_f4_hero_about.TestHeroMetrics" name="test_validation_bad_color" time="0.076" /><testcase classname="tests.pytest.test_phase_f4_hero_about.TestHeroMetrics" name="test_create" time="0.149" /><testcase classname="tests.pytest.test_phase_f4_hero_about.TestHeroMetrics" name="test_update" time="0.137" /><testcase classname="tests.pytest.test_phase_f4_hero_about.TestHeroMetrics" name="test_toggle_active" time="0.376" /><testcase classname="tests.pytest.test_phase_f4_hero_about.TestHeroMetrics" name="test_reorder" time="0.263" /><testcase classname="tests.pytest.test_phase_f4_hero_about.TestHeroMetrics" name="test_trash_restore_force" time="0.531" /><testcase classname="tests.pytest.test_phase_f4_hero_about.TestAboutSection" name="test_show_seeded_content" time="0.067" /><testcase classname="tests.pytest.test_phase_f4_hero_about.TestAboutSection" name="test_update_and_persist" time="0.289" /><testcase classname="tests.pytest.test_phase_f4_hero_about.TestAboutSection" name="test_invalid_latitude" time="0.068" /><testcase classname="tests.pytest.test_phase_f4_hero_about.TestAboutSection" name="test_invalid_longitude" time="0.064" /><testcase classname="tests.pytest.test_phase_f4_hero_about.TestAboutStats" name="test_list_seeded" time="0.061" /><testcase classname="tests.pytest.test_phase_f4_hero_about.TestAboutStats" name="test_validation_empty_payload" time="0.062" /><testcase classname="tests.pytest.test_phase_f4_hero_about.TestAboutStats" name="test_create" time="0.074" /><testcase classname="tests.pytest.test_phase_f4_hero_about.TestAboutStats" name="test_update" time="0.138" /><testcase classname="tests.pytest.test_phase_f4_hero_about.TestAboutStats" name="test_toggle_active_and_public_visibility" time="0.258" /><testcase classname="tests.pytest.test_phase_f4_hero_about.TestAboutStats" name="test_reorder" time="0.260" /><testcase classname="tests.pytest.test_phase_f4_hero_about.TestAboutStats" name="test_trash_restore_force" time="0.526" /><testcase classname="tests.pytest.test_phase_f4_hero_about.TestPublicHeroAbout" name="test_public_hero_default_locale_id" time="0.116" /><testcase classname="tests.pytest.test_phase_f4_hero_about.TestPublicHeroAbout" name="test_public_hero_en" time="0.061" /><testcase classname="tests.pytest.test_phase_f4_hero_about.TestPublicHeroAbout" name="test_public_about_default_locale_id" time="0.056" /><testcase classname="tests.pytest.test_phase_f4_hero_about.TestPublicHeroAbout" name="test_public_about_en" time="0.059" /><testcase classname="tests.pytest.test_phase_f4_hero_about.TestPublicHeroAbout" name="test_public_invalid_locale_falls_back" time="0.066" /><testcase classname="tests.pytest.test_phase_f4_hero_about.TestPublicHeroAbout" name="test_admin_endpoints_require_auth" time="0.223" /><testcase classname="tests.pytest.test_phase_f4_hero_about.TestEditorPermissions" name="test_editor_can_view_and_save" time="0.654" /><testcase classname="tests.pytest.test_phase_f4_hero_about.TestEditorPermissions" name="test_editor_forbidden_force_delete" time="0.416" /><testcase classname="tests.pytest.test_phase_f4_hero_about.TestF3Regression" name="test_f3_endpoints_still_ok[admin/testimonials]" time="0.067" /><testcase classname="tests.pytest.test_phase_f4_hero_about.TestF3Regression" name="test_f3_endpoints_still_ok[admin/services]" time="0.068" /><testcase classname="tests.pytest.test_phase_f4_hero_about.TestF3Regression" name="test_f3_endpoints_still_ok[admin/service-stats]" time="0.065" /><testcase classname="tests.pytest.test_phase_f4_hero_about.TestF3Regression" name="test_f3_endpoints_still_ok[admin/faqs]" time="0.073" /><testcase classname="tests.pytest.test_phase_f4_hero_about.TestF3Regression" name="test_f3_endpoints_still_ok[admin/faq-categories]" time="0.064" /><testcase classname="tests.pytest.test_phase_f4_hero_about.TestF3Regression" name="test_f3_endpoints_still_ok[admin/settings]" time="0.078" /></testsuite></testsuites>