<?xml version="1.0" encoding="utf-8"?><testsuites name="pytest tests"><testsuite name="pytest" errors="0" failures="0" skipped="0" tests="74" time="66.693" timestamp="2026-08-30T17:09:07.000750+00:00" hostname="agent-env-4671fdbf-5d26-445a-b0a2-6c83e31cbdca"><testcase classname="tests.pytest.test_phase_f4b_content_modules.TestSeededLists" name="test_list_returns_seeded_rows[skill-categories-4]" time="0.628" /><testcase classname="tests.pytest.test_phase_f4b_content_modules.TestSeededLists" name="test_list_returns_seeded_rows[skills-22]" time="0.064" /><testcase classname="tests.pytest.test_phase_f4b_content_modules.TestSeededLists" name="test_list_returns_seeded_rows[pain-points-3]" time="0.061" /><testcase classname="tests.pytest.test_phase_f4b_content_modules.TestSeededLists" name="test_list_returns_seeded_rows[process-steps-4]" time="0.061" /><testcase classname="tests.pytest.test_phase_f4b_content_modules.TestSeededLists" name="test_list_returns_seeded_rows[clients-5]" time="0.062" /><testcase classname="tests.pytest.test_phase_f4b_content_modules.TestSeededLists" name="test_list_returns_seeded_rows[navigation-menus-11]" time="0.073" /><testcase classname="tests.pytest.test_phase_f4b_content_modules.TestSeededLists" name="test_list_returns_seeded_rows[contact-channels-3]" time="0.067" /><testcase classname="tests.pytest.test_phase_f4b_content_modules.TestSeededLists" name="test_list_returns_seeded_rows[social-links-4]" time="0.064" /><testcase classname="tests.pytest.test_phase_f4b_content_modules.TestSeededLists" name="test_list_returns_seeded_rows[seo-settings-2]" time="0.069" /><testcase classname="tests.pytest.test_phase_f4b_content_modules.TestSeededLists" name="test_skill_category_counts" time="0.063" /><testcase classname="tests.pytest.test_phase_f4b_content_modules.TestSeededLists" name="test_skills_expose_category" time="0.058" /><testcase classname="tests.pytest.test_phase_f4b_content_modules.TestSeededLists" name="test_clients_featured_triplinq" time="0.064" /><testcase classname="tests.pytest.test_phase_f4b_content_modules.TestSeededLists" name="test_navigation_location_filter" time="0.145" /><testcase classname="tests.pytest.test_phase_f4b_content_modules.TestSeededLists" name="test_contact_channel_types" time="0.064" /><testcase classname="tests.pytest.test_phase_f4b_content_modules.TestSeededLists" name="test_social_link_platforms" time="0.058" /><testcase classname="tests.pytest.test_phase_f4b_content_modules.TestSeededLists" name="test_seo_pages" time="0.056" /><testcase classname="tests.pytest.test_phase_f4b_content_modules.TestCrudCycles" name="test_skill_category_cycle" time="0.885" /><testcase classname="tests.pytest.test_phase_f4b_content_modules.TestCrudCycles" name="test_skill_cycle_and_category_link" time="0.344" /><testcase classname="tests.pytest.test_phase_f4b_content_modules.TestCrudCycles" name="test_pain_point_cycle" time="0.905" /><testcase classname="tests.pytest.test_phase_f4b_content_modules.TestCrudCycles" name="test_process_step_cycle_number_is_int" time="0.211" /><testcase classname="tests.pytest.test_phase_f4b_content_modules.TestCrudCycles" name="test_client_cycle" time="0.883" /><testcase classname="tests.pytest.test_phase_f4b_content_modules.TestCrudCycles" name="test_navigation_cycle_header_and_footer" time="0.573" /><testcase classname="tests.pytest.test_phase_f4b_content_modules.TestCrudCycles" name="test_contact_channel_cycle" time="0.873" /><testcase classname="tests.pytest.test_phase_f4b_content_modules.TestCrudCycles" name="test_social_link_cycle" time="0.904" /><testcase classname="tests.pytest.test_phase_f4b_content_modules.TestCrudCycles" name="test_seo_setting_cycle" time="0.870" /><testcase classname="tests.pytest.test_phase_f4b_content_modules.TestCrudCycles" name="test_reorder_persists" time="0.258" /><testcase classname="tests.pytest.test_phase_f4b_content_modules.TestValidation" name="test_pain_point_empty_payload_422" time="0.054" /><testcase classname="tests.pytest.test_phase_f4b_content_modules.TestValidation" name="test_client_invalid_website_url_422" time="0.073" /><testcase classname="tests.pytest.test_phase_f4b_content_modules.TestValidation" name="test_contact_channel_invalid_colour_422" time="0.076" /><testcase classname="tests.pytest.test_phase_f4b_content_modules.TestValidation" name="test_social_link_invalid_url_422" time="0.070" /><testcase classname="tests.pytest.test_phase_f4b_content_modules.TestValidation" name="test_seo_duplicate_page_key_422" time="0.063" /><testcase classname="tests.pytest.test_phase_f4b_content_modules.TestValidation" name="test_skill_requires_name" time="53.194" /><testcase classname="tests.pytest.test_phase_f4b_content_modules.TestPublicApi" name="test_public_no_auth[skills]" time="0.218" /><testcase classname="tests.pytest.test_phase_f4b_content_modules.TestPublicApi" name="test_public_no_auth[pain-points]" time="0.067" /><testcase classname="tests.pytest.test_phase_f4b_content_modules.TestPublicApi" name="test_public_no_auth[process-steps]" time="0.067" /><testcase classname="tests.pytest.test_phase_f4b_content_modules.TestPublicApi" name="test_public_no_auth[clients]" time="0.077" /><testcase classname="tests.pytest.test_phase_f4b_content_modules.TestPublicApi" name="test_public_no_auth[navigation]" time="0.061" /><testcase classname="tests.pytest.test_phase_f4b_content_modules.TestPublicApi" name="test_public_no_auth[contact]" time="0.063" /><testcase classname="tests.pytest.test_phase_f4b_content_modules.TestPublicApi" name="test_public_no_auth[seo]" time="0.072" /><testcase classname="tests.pytest.test_phase_f4b_content_modules.TestPublicApi" name="test_public_skills_only_active" time="0.261" /><testcase classname="tests.pytest.test_phase_f4b_content_modules.TestPublicApi" name="test_public_navigation_shape" time="0.081" /><testcase classname="tests.pytest.test_phase_f4b_content_modules.TestPublicApi" name="test_public_contact_shape" time="0.062" /><testcase classname="tests.pytest.test_phase_f4b_content_modules.TestPublicApi" name="test_public_seo_by_page_key" time="0.080" /><testcase classname="tests.pytest.test_phase_f4b_content_modules.TestPublicApi" name="test_public_locale_switch" time="0.187" /><testcase classname="tests.pytest.test_phase_f4b_content_modules.TestPublicApi" name="test_public_process_steps_sorted" time="0.064" /><testcase classname="tests.pytest.test_phase_f4b_content_modules.TestEditorPermissions" name="test_editor_can_list[skill-categories]" time="0.520" /><testcase classname="tests.pytest.test_phase_f4b_content_modules.TestEditorPermissions" name="test_editor_can_list[skills]" time="0.073" /><testcase classname="tests.pytest.test_phase_f4b_content_modules.TestEditorPermissions" name="test_editor_can_list[pain-points]" time="0.075" /><testcase classname="tests.pytest.test_phase_f4b_content_modules.TestEditorPermissions" name="test_editor_can_list[process-steps]" time="0.072" /><testcase classname="tests.pytest.test_phase_f4b_content_modules.TestEditorPermissions" name="test_editor_can_list[clients]" time="0.073" /><testcase classname="tests.pytest.test_phase_f4b_content_modules.TestEditorPermissions" name="test_editor_can_list[navigation-menus]" time="0.073" /><testcase classname="tests.pytest.test_phase_f4b_content_modules.TestEditorPermissions" name="test_editor_can_list[contact-channels]" time="0.073" /><testcase classname="tests.pytest.test_phase_f4b_content_modules.TestEditorPermissions" name="test_editor_can_list[social-links]" time="0.070" /><testcase classname="tests.pytest.test_phase_f4b_content_modules.TestEditorPermissions" name="test_editor_can_list[seo-settings]" time="0.073" /><testcase classname="tests.pytest.test_phase_f4b_content_modules.TestEditorPermissions" name="test_editor_force_delete_forbidden[skill-categories]" time="0.142" /><testcase classname="tests.pytest.test_phase_f4b_content_modules.TestEditorPermissions" name="test_editor_force_delete_forbidden[skills]" time="0.136" /><testcase classname="tests.pytest.test_phase_f4b_content_modules.TestEditorPermissions" name="test_editor_force_delete_forbidden[pain-points]" time="0.130" /><testcase classname="tests.pytest.test_phase_f4b_content_modules.TestEditorPermissions" name="test_editor_force_delete_forbidden[process-steps]" time="0.133" /><testcase classname="tests.pytest.test_phase_f4b_content_modules.TestEditorPermissions" name="test_editor_force_delete_forbidden[clients]" time="0.134" /><testcase classname="tests.pytest.test_phase_f4b_content_modules.TestEditorPermissions" name="test_editor_force_delete_forbidden[navigation-menus]" time="0.142" /><testcase classname="tests.pytest.test_phase_f4b_content_modules.TestEditorPermissions" name="test_editor_force_delete_forbidden[contact-channels]" time="0.141" /><testcase classname="tests.pytest.test_phase_f4b_content_modules.TestEditorPermissions" name="test_editor_force_delete_forbidden[social-links]" time="0.141" /><testcase classname="tests.pytest.test_phase_f4b_content_modules.TestEditorPermissions" name="test_editor_force_delete_forbidden[seo-settings]" time="0.136" /><testcase classname="tests.pytest.test_phase_f4b_content_modules.TestEditorPermissions" name="test_editor_can_toggle" time="0.326" /><testcase classname="tests.pytest.test_phase_f4b_content_modules.TestEditorPermissions" name="test_anonymous_admin_access_denied" time="0.071" /><testcase classname="tests.pytest.test_phase_f4b_content_modules.TestRegression" name="test_earlier_modules_still_ok[hero]" time="0.061" /><testcase classname="tests.pytest.test_phase_f4b_content_modules.TestRegression" name="test_earlier_modules_still_ok[hero-metrics]" time="0.059" /><testcase classname="tests.pytest.test_phase_f4b_content_modules.TestRegression" name="test_earlier_modules_still_ok[about]" time="0.059" /><testcase classname="tests.pytest.test_phase_f4b_content_modules.TestRegression" name="test_earlier_modules_still_ok[about-stats]" time="0.070" /><testcase classname="tests.pytest.test_phase_f4b_content_modules.TestRegression" name="test_earlier_modules_still_ok[testimonials]" time="0.063" /><testcase classname="tests.pytest.test_phase_f4b_content_modules.TestRegression" name="test_earlier_modules_still_ok[services]" time="0.067" /><testcase classname="tests.pytest.test_phase_f4b_content_modules.TestRegression" name="test_earlier_modules_still_ok[faqs]" time="0.067" /><testcase classname="tests.pytest.test_phase_f4b_content_modules.TestRegression" name="test_earlier_modules_still_ok[faq-categories]" time="0.064" /><testcase classname="tests.pytest.test_phase_f4b_content_modules.TestRegression" name="test_earlier_modules_still_ok[settings]" time="0.060" /></testsuite></testsuites>