<?xml version="1.0" encoding="utf-8"?><testsuites name="pytest tests"><testsuite name="pytest" errors="0" failures="2" skipped="0" tests="48" time="18.859" timestamp="2026-08-30T17:48:23.797707+00:00" hostname="agent-env-4671fdbf-5d26-445a-b0a2-6c83e31cbdca"><testcase classname="tests.pytest.test_phase_f5_inbox_users.TestPublicContactForm" name="test_submit_success_and_mail_logged" time="2.276" /><testcase classname="tests.pytest.test_phase_f5_inbox_users.TestPublicContactForm" name="test_validation_errors[mutate0-name]" time="0.297" /><testcase classname="tests.pytest.test_phase_f5_inbox_users.TestPublicContactForm" name="test_validation_errors[mutate1-email]" time="0.276" /><testcase classname="tests.pytest.test_phase_f5_inbox_users.TestPublicContactForm" name="test_validation_errors[mutate2-message]" time="0.267" /><testcase classname="tests.pytest.test_phase_f5_inbox_users.TestPublicContactForm" name="test_honeypot_rejected" time="0.280" /><testcase classname="tests.pytest.test_phase_f5_inbox_users.TestPublicContactForm" name="test_rate_limit_429" time="1.290" /><testcase classname="tests.pytest.test_phase_f5_inbox_users.TestInbox" name="test_index_and_unread_header" time="0.481" /><testcase classname="tests.pytest.test_phase_f5_inbox_users.TestInbox" name="test_summary" time="0.068" /><testcase classname="tests.pytest.test_phase_f5_inbox_users.TestInbox" name="test_status_filter_and_search" time="0.133" /><testcase classname="tests.pytest.test_phase_f5_inbox_users.TestInbox" name="test_show_marks_read" time="0.201" /><testcase classname="tests.pytest.test_phase_f5_inbox_users.TestInbox" name="test_status_transitions[replied]" time="0.143" /><testcase classname="tests.pytest.test_phase_f5_inbox_users.TestInbox" name="test_status_transitions[spam]" time="0.133" /><testcase classname="tests.pytest.test_phase_f5_inbox_users.TestInbox" name="test_status_transitions[archived]" time="0.148" /><testcase classname="tests.pytest.test_phase_f5_inbox_users.TestInbox" name="test_internal_note_persists" time="0.163" /><testcase classname="tests.pytest.test_phase_f5_inbox_users.TestInbox" name="test_invalid_status_rejected" time="0.068" /><testcase classname="tests.pytest.test_phase_f5_inbox_users.TestInbox" name="test_show_trashed_message" time="0.538"><failure message="AssertionError: GET a trashed message -&gt; 404; the UI trash view cannot open it, so restore / permanent delete are unreachable&#10;assert 404 == 200&#10; +  where 404 = &lt;Response [404]&gt;.status_code">E   AssertionError: GET a trashed message -&gt; 404; the UI trash view cannot open it, so restore / permanent delete are unreachable
    assert 404 == 200
     +  where 404 = &lt;Response [404]&gt;.status_code</failure></testcase><testcase classname="tests.pytest.test_phase_f5_inbox_users.TestInbox" name="test_trash_restore_force" time="0.998" /><testcase classname="tests.pytest.test_phase_f5_inbox_users.TestActivityLog" name="test_index_shape" time="0.076" /><testcase classname="tests.pytest.test_phase_f5_inbox_users.TestActivityLog" name="test_filters_endpoint" time="0.067" /><testcase classname="tests.pytest.test_phase_f5_inbox_users.TestActivityLog" name="test_action_and_module_filter" time="0.212" /><testcase classname="tests.pytest.test_phase_f5_inbox_users.TestActivityLog" name="test_date_range_filter" time="0.068" /><testcase classname="tests.pytest.test_phase_f5_inbox_users.TestActivityLog" name="test_to_date_includes_same_day" time="0.176"><failure message="AssertionError: from==to (today) returns nothing — the 'to' bound is parsed as midnight instead of end-of-day&#10;assert 0 &gt; 0&#10; +  where 0 = len([])">E   AssertionError: from==to (today) returns nothing — the 'to' bound is parsed as midnight instead of end-of-day
    assert 0 &gt; 0
     +  where 0 = len([])</failure></testcase><testcase classname="tests.pytest.test_phase_f5_inbox_users.TestActivityLog" name="test_user_filter" time="0.218" /><testcase classname="tests.pytest.test_phase_f5_inbox_users.TestActivityLog" name="test_before_after_payload_present" time="0.071" /><testcase classname="tests.pytest.test_phase_f5_inbox_users.TestRoles" name="test_roles_index" time="0.074" /><testcase classname="tests.pytest.test_phase_f5_inbox_users.TestUsers" name="test_index" time="0.064" /><testcase classname="tests.pytest.test_phase_f5_inbox_users.TestUsers" name="test_create_user" time="0.966" /><testcase classname="tests.pytest.test_phase_f5_inbox_users.TestUsers" name="test_short_password_rejected" time="0.077" /><testcase classname="tests.pytest.test_phase_f5_inbox_users.TestUsers" name="test_duplicate_email_rejected" time="0.069" /><testcase classname="tests.pytest.test_phase_f5_inbox_users.TestUsers" name="test_no_role_rejected" time="0.069" /><testcase classname="tests.pytest.test_phase_f5_inbox_users.TestUsers" name="test_update_without_password_keeps_login" time="0.947" /><testcase classname="tests.pytest.test_phase_f5_inbox_users.TestUsers" name="test_password_change_revokes_tokens" time="1.441" /><testcase classname="tests.pytest.test_phase_f5_inbox_users.TestUsers" name="test_toggle_active_revokes_tokens" time="1.261" /><testcase classname="tests.pytest.test_phase_f5_inbox_users.TestUsers" name="test_self_protection" time="0.207" /><testcase classname="tests.pytest.test_phase_f5_inbox_users.TestUsers" name="test_trash_and_restore" time="1.896" /><testcase classname="tests.pytest.test_phase_f5_inbox_users.TestDashboard" name="test_stats" time="0.070" /><testcase classname="tests.pytest.test_phase_f5_inbox_users.TestDashboard" name="test_counts_match_modules" time="0.200" /><testcase classname="tests.pytest.test_phase_f5_inbox_users.TestEditorPermissions" name="test_editor_forbidden_endpoints" time="1.013" /><testcase classname="tests.pytest.test_phase_f5_inbox_users.TestEditorPermissions" name="test_editor_can_read_inbox" time="0.080" /><testcase classname="tests.pytest.test_phase_f5_inbox_users.TestEditorPermissions" name="test_editor_cannot_force_delete_message" time="0.621" /><testcase classname="tests.pytest.test_phase_f5_inbox_users.TestEditorPermissions" name="test_unauthenticated_rejected" time="0.527" /><testcase classname="tests.pytest.test_phase_f5_inbox_users.TestRegression" name="test_existing_modules_still_reachable[hero]" time="0.067" /><testcase classname="tests.pytest.test_phase_f5_inbox_users.TestRegression" name="test_existing_modules_still_reachable[skills]" time="0.067" /><testcase classname="tests.pytest.test_phase_f5_inbox_users.TestRegression" name="test_existing_modules_still_reachable[navigation-menus]" time="0.066" /><testcase classname="tests.pytest.test_phase_f5_inbox_users.TestRegression" name="test_existing_modules_still_reachable[settings]" time="0.068" /><testcase classname="tests.pytest.test_phase_f5_inbox_users.TestRegression" name="test_existing_modules_still_reachable[testimonials]" time="0.073" /><testcase classname="tests.pytest.test_phase_f5_inbox_users.TestRegression" name="test_existing_modules_still_reachable[clients]" time="0.072" /><testcase classname="tests.pytest.test_phase_f5_inbox_users.TestRegression" name="test_existing_modules_still_reachable[projects]" time="0.073" /></testsuite></testsuites>