<?xml version="1.0" encoding="utf-8"?><testsuites name="pytest tests"><testsuite name="pytest" errors="0" failures="0" skipped="0" tests="18" time="5.329" timestamp="2026-09-05T02:39:12.859224+00:00" hostname="agent-env-179caf44-38d1-4957-a09b-c87a340b6062"><testcase classname="tests.pytest.test_phase_f6_contact_seo.TestPublicContact" name="test_submit_valid_and_persist_in_inbox" time="0.685" /><testcase classname="tests.pytest.test_phase_f6_contact_seo.TestPublicContact" name="test_short_message_returns_422" time="0.071" /><testcase classname="tests.pytest.test_phase_f6_contact_seo.TestPublicContact" name="test_missing_fields_returns_422" time="0.071" /><testcase classname="tests.pytest.test_phase_f6_contact_seo.TestPublicContact" name="test_honeypot_rejected" time="0.076" /><testcase classname="tests.pytest.test_phase_f6_contact_seo.TestPublicContact" name="test_rate_limit_5_per_minute" time="0.148" /><testcase classname="tests.pytest.test_phase_f6_contact_seo.TestPublicSeo" name="test_seo_home_entry" time="0.071" /><testcase classname="tests.pytest.test_phase_f6_contact_seo.TestPublicSeo" name="test_public_settings" time="0.066" /><testcase classname="tests.pytest.test_phase_f6_contact_seo.TestPublicSeo" name="test_public_navigation" time="0.075" /><testcase classname="tests.pytest.test_phase_f6_contact_seo.TestRenderedSeo" name="test_root_html_title_and_description_from_cms" time="0.205" /><testcase classname="tests.pytest.test_phase_f6_contact_seo.TestRenderedSeo" name="test_json_ld_valid_and_from_cms" time="0.133" /><testcase classname="tests.pytest.test_phase_f6_contact_seo.TestRenderedSeo" name="test_robots_txt" time="0.181" /><testcase classname="tests.pytest.test_phase_f6_contact_seo.TestRenderedSeo" name="test_sitemap_xml" time="0.108" /><testcase classname="tests.pytest.test_phase_f6_contact_seo.TestRevalidateWebhook" name="test_valid_secret_and_tags" time="0.005" /><testcase classname="tests.pytest.test_phase_f6_contact_seo.TestRevalidateWebhook" name="test_wrong_secret_401" time="0.003" /><testcase classname="tests.pytest.test_phase_f6_contact_seo.TestRevalidateWebhook" name="test_missing_tags_422" time="0.004" /><testcase classname="tests.pytest.test_phase_f6_contact_seo.TestRevalidateWebhook" name="test_admin_mutation_triggers_revalidation_without_errors" time="3.225" /><testcase classname="tests.pytest.test_phase_f6_contact_seo.TestAdminInboxSmoke" name="test_list_and_stats" time="0.076" /><testcase classname="tests.pytest.test_phase_f6_contact_seo.TestAdminInboxSmoke" name="test_requires_auth" time="0.066" /></testsuite></testsuites>