<?xml version="1.0" encoding="utf-8"?><testsuites name="pytest tests"><testsuite name="pytest" errors="0" failures="4" skipped="0" tests="18" time="5.230" timestamp="2026-09-05T02:38:52.979635+00:00" hostname="agent-env-179caf44-38d1-4957-a09b-c87a340b6062"><testcase classname="tests.pytest.test_phase_f6_contact_seo.TestPublicContact" name="test_submit_valid_and_persist_in_inbox" time="0.474"><failure message="AssertionError: 429: {&quot;success&quot;:false,&quot;message&quot;:&quot;Too Many Attempts.&quot;}&#10;assert 429 in (200, 201)&#10; +  where 429 = &lt;Response [429]&gt;.status_code">tests/pytest/test_phase_f6_contact_seo.py:68: in test_submit_valid_and_persist_in_inbox
    assert r.status_code in (200, 201), f"{r.status_code}: {r.text[:400]}"
E   AssertionError: 429: {"success":false,"message":"Too Many Attempts."}
E   assert 429 in (200, 201)
E    +  where 429 = &lt;Response [429]&gt;.status_code</failure></testcase><testcase classname="tests.pytest.test_phase_f6_contact_seo.TestPublicContact" name="test_short_message_returns_422" time="0.058"><failure message="AssertionError: 429: {&quot;success&quot;:false,&quot;message&quot;:&quot;Too Many Attempts.&quot;}&#10;assert 429 == 422&#10; +  where 429 = &lt;Response [429]&gt;.status_code">tests/pytest/test_phase_f6_contact_seo.py:87: in test_short_message_returns_422
    assert r.status_code == 422, f"{r.status_code}: {r.text[:300]}"
E   AssertionError: 429: {"success":false,"message":"Too Many Attempts."}
E   assert 429 == 422
E    +  where 429 = &lt;Response [429]&gt;.status_code</failure></testcase><testcase classname="tests.pytest.test_phase_f6_contact_seo.TestPublicContact" name="test_missing_fields_returns_422" time="0.060"><failure message="assert 429 == 422&#10; +  where 429 = &lt;Response [429]&gt;.status_code">tests/pytest/test_phase_f6_contact_seo.py:92: in test_missing_fields_returns_422
    assert r.status_code == 422
E   assert 429 == 422
E    +  where 429 = &lt;Response [429]&gt;.status_code</failure></testcase><testcase classname="tests.pytest.test_phase_f6_contact_seo.TestPublicContact" name="test_honeypot_rejected" time="0.063"><failure message="AssertionError: 429: {&quot;success&quot;:false,&quot;message&quot;:&quot;Too Many Attempts.&quot;}&#10;assert 429 == 422&#10; +  where 429 = &lt;Response [429]&gt;.status_code">tests/pytest/test_phase_f6_contact_seo.py:103: in test_honeypot_rejected
    assert r.status_code == 422, f"{r.status_code}: {r.text[:300]}"
E   AssertionError: 429: {"success":false,"message":"Too Many Attempts."}
E   assert 429 == 422
E    +  where 429 = &lt;Response [429]&gt;.status_code</failure></testcase><testcase classname="tests.pytest.test_phase_f6_contact_seo.TestPublicContact" name="test_rate_limit_5_per_minute" time="0.062" /><testcase classname="tests.pytest.test_phase_f6_contact_seo.TestPublicSeo" name="test_seo_home_entry" time="0.067" /><testcase classname="tests.pytest.test_phase_f6_contact_seo.TestPublicSeo" name="test_public_settings" time="0.065" /><testcase classname="tests.pytest.test_phase_f6_contact_seo.TestPublicSeo" name="test_public_navigation" time="0.068" /><testcase classname="tests.pytest.test_phase_f6_contact_seo.TestRenderedSeo" name="test_root_html_title_and_description_from_cms" time="0.231" /><testcase classname="tests.pytest.test_phase_f6_contact_seo.TestRenderedSeo" name="test_json_ld_valid_and_from_cms" time="0.269" /><testcase classname="tests.pytest.test_phase_f6_contact_seo.TestRenderedSeo" name="test_robots_txt" time="0.158" /><testcase classname="tests.pytest.test_phase_f6_contact_seo.TestRenderedSeo" name="test_sitemap_xml" time="0.146" /><testcase classname="tests.pytest.test_phase_f6_contact_seo.TestRevalidateWebhook" name="test_valid_secret_and_tags" time="0.005" /><testcase classname="tests.pytest.test_phase_f6_contact_seo.TestRevalidateWebhook" name="test_wrong_secret_401" time="0.003" /><testcase classname="tests.pytest.test_phase_f6_contact_seo.TestRevalidateWebhook" name="test_missing_tags_422" time="0.003" /><testcase classname="tests.pytest.test_phase_f6_contact_seo.TestRevalidateWebhook" name="test_admin_mutation_triggers_revalidation_without_errors" time="3.264" /><testcase classname="tests.pytest.test_phase_f6_contact_seo.TestAdminInboxSmoke" name="test_list_and_stats" time="0.065" /><testcase classname="tests.pytest.test_phase_f6_contact_seo.TestAdminInboxSmoke" name="test_requires_auth" time="0.054" /></testsuite></testsuites>