<?xml version="1.0" encoding="utf-8"?><testsuites name="pytest tests"><testsuite name="pytest" errors="43" failures="1" skipped="0" tests="301" time="215.892" timestamp="2026-09-05T03:41:39.579976+00:00" hostname="agent-env-48e55004-a428-40e8-81e3-39a7fa80d283"><testcase classname="tests.pytest.test_phase_f1_foundation.TestHealth" name="test_health_success_envelope" time="0.337" /><testcase classname="tests.pytest.test_phase_f1_foundation.TestErrorEnvelope" name="test_unknown_route_returns_json_404" time="0.187" /><testcase classname="tests.pytest.test_phase_f1_foundation.TestSchema" name="test_uuid_primary_key[users]" time="0.060" /><testcase classname="tests.pytest.test_phase_f1_foundation.TestSchema" name="test_uuid_primary_key[roles]" time="0.014" /><testcase classname="tests.pytest.test_phase_f1_foundation.TestSchema" name="test_uuid_primary_key[permissions]" time="0.014" /><testcase classname="tests.pytest.test_phase_f1_foundation.TestSchema" name="test_uuid_primary_key[role_permission]" time="0.013" /><testcase classname="tests.pytest.test_phase_f1_foundation.TestSchema" name="test_uuid_primary_key[role_user]" time="0.012" /><testcase classname="tests.pytest.test_phase_f1_foundation.TestSchema" name="test_uuid_primary_key[two_factor_codes]" time="0.015" /><testcase classname="tests.pytest.test_phase_f1_foundation.TestSchema" name="test_uuid_primary_key[activity_logs]" time="0.013" /><testcase classname="tests.pytest.test_phase_f1_foundation.TestSchema" name="test_uuid_primary_key[locales]" time="0.011" /><testcase classname="tests.pytest.test_phase_f1_foundation.TestSchema" name="test_uuid_primary_key[settings]" time="0.011" /><testcase classname="tests.pytest.test_phase_f1_foundation.TestSchema" name="test_uuid_primary_key[setting_translations]" time="0.012" /><testcase classname="tests.pytest.test_phase_f1_foundation.TestSchema" name="test_uuid_primary_key[personal_access_tokens]" time="0.012" /><testcase classname="tests.pytest.test_phase_f1_foundation.TestSchema" name="test_soft_delete_column[users]" time="0.017" /><testcase classname="tests.pytest.test_phase_f1_foundation.TestSchema" name="test_soft_delete_column[roles]" time="0.013" /><testcase classname="tests.pytest.test_phase_f1_foundation.TestSchema" name="test_soft_delete_column[permissions]" time="0.013" /><testcase classname="tests.pytest.test_phase_f1_foundation.TestSchema" name="test_soft_delete_column[locales]" time="0.011" /><testcase classname="tests.pytest.test_phase_f1_foundation.TestSchema" name="test_soft_delete_column[settings]" time="0.011" /><testcase classname="tests.pytest.test_phase_f1_foundation.TestSeededData" name="test_permission_count_and_slug_format" time="0.086" /><testcase classname="tests.pytest.test_phase_f1_foundation.TestSeededData" name="test_role_permission_counts" time="0.016" /><testcase classname="tests.pytest.test_phase_f1_foundation.TestSeededData" name="test_editor_no_projects_delete" time="0.015" /><testcase classname="tests.pytest.test_phase_f1_foundation.TestSeededData" name="test_locales_and_settings" time="0.034"><failure message="AssertionError: assert '17' == '15'&#10;  &#10;  - 15&#10;  + 17">E   AssertionError: assert '17' == '15'
      
      - 15
      + 17</failure></testcase><testcase classname="tests.pytest.test_phase_f1_foundation.TestSeededData" name="test_admin_user_seeded" time="0.016" /><testcase classname="tests.pytest.test_phase_f1_foundation.TestSeededData" name="test_admin_attached_to_super_admin_with_uuid_pivot" time="0.013" /><testcase classname="tests.pytest.test_phase_f1_foundation.TestUuidV7" name="test_ids_are_uuid_v7[users]" time="0.012" /><testcase classname="tests.pytest.test_phase_f1_foundation.TestUuidV7" name="test_ids_are_uuid_v7[roles]" time="0.010" /><testcase classname="tests.pytest.test_phase_f1_foundation.TestUuidV7" name="test_ids_are_uuid_v7[permissions]" time="0.012" /><testcase classname="tests.pytest.test_phase_f1_foundation.TestUuidV7" name="test_ids_are_uuid_v7[role_user]" time="0.011" /><testcase classname="tests.pytest.test_phase_f1_foundation.TestUuidV7" name="test_ids_are_uuid_v7[role_permission]" time="0.011" /><testcase classname="tests.pytest.test_phase_f1_foundation.TestUuidV7" name="test_ids_are_uuid_v7[locales]" time="0.011" /><testcase classname="tests.pytest.test_phase_f1_foundation.TestUuidV7" name="test_ids_are_uuid_v7[settings]" time="0.012" /><testcase classname="tests.pytest.test_phase_f1_foundation.TestSeederIdempotency" name="test_reseed_does_not_duplicate" time="0.903" /><testcase classname="tests.pytest.test_phase_f2_auth.TestLoginStep1" name="test_login_returns_challenge_and_no_access_token" time="1.478" /><testcase classname="tests.pytest.test_phase_f2_auth.TestOtpDelivery" name="test_otp_written_to_mail_log_by_queue_worker" time="2.045" /><testcase classname="tests.pytest.test_phase_f2_auth.TestLoginStep2" name="test_verify_returns_access_token_with_uuid_pat_id" time="2.724" /><testcase classname="tests.pytest.test_phase_f2_auth.TestOtpSingleUse" name="test_replay_after_success_is_rejected" time="3.246" /><testcase classname="tests.pytest.test_phase_f2_auth.TestOtpWrongCode" name="test_five_wrong_codes_destroy_challenge" time="4.486" /><testcase classname="tests.pytest.test_phase_f2_auth.TestOtpExpiry" name="test_expired_challenge_is_rejected" time="3.243" /><testcase classname="tests.pytest.test_phase_f2_auth.TestOtpResend" name="test_resend_cooldown_then_rotate_then_limit" time="7.350" /><testcase classname="tests.pytest.test_phase_f2_auth.TestAccountLockout" name="test_five_wrong_passwords_lock_account" time="3.423" /><testcase classname="tests.pytest.test_phase_f2_auth.TestAccountLockout" name="test_success_resets_failed_counter" time="2.052" /><testcase classname="tests.pytest.test_phase_f2_auth.TestEnumerationProtection" name="test_unknown_email_same_message_as_wrong_password" time="1.727" /><testcase classname="tests.pytest.test_phase_f2_auth.TestInactiveAccount" name="test_deactivated_account_returns_403" time="1.611" /><testcase classname="tests.pytest.test_phase_f2_auth.TestInputValidation" name="test_login_malformed_email_and_missing_password" time="0.650" /><testcase classname="tests.pytest.test_phase_f2_auth.TestInputValidation" name="test_verify_short_token_and_non_numeric_code" time="0.512" /><testcase classname="tests.pytest.test_phase_f2_auth.TestSessionEndpoints" name="test_me_logout_and_logout_all" time="7.851" /><testcase classname="tests.pytest.test_phase_f2_auth.TestRateLimiting" name="test_login_throttle_shape" time="2.618" /><testcase classname="tests.pytest.test_phase_f2_auth.TestAuditTrail" name="test_activity_log_actions_are_recorded" time="5.738" /><testcase classname="tests.pytest.test_phase_f2_auth.TestRegression" name="test_health_still_ok" time="0.505" /><testcase classname="tests.pytest.test_phase_f2_auth.TestRegression" name="test_unknown_route_json_404" time="0.466" /><testcase classname="tests.pytest.test_phase_f3_content.TestTestimonials" name="test_list_seeded" time="0.668" /><testcase classname="tests.pytest.test_phase_f3_content.TestTestimonials" name="test_validation_no_translations" time="0.072" /><testcase classname="tests.pytest.test_phase_f3_content.TestTestimonials" name="test_validation_bad_accent_color" time="0.068" /><testcase classname="tests.pytest.test_phase_f3_content.TestTestimonials" name="test_full_lifecycle" time="1.457" /><testcase classname="tests.pytest.test_phase_f3_content.TestTestimonials" name="test_search_filter" time="0.515" /><testcase classname="tests.pytest.test_phase_f3_content.TestServices" name="test_list_seeded_services" time="0.072" /><testcase classname="tests.pytest.test_phase_f3_content.TestServices" name="test_list_seeded_stats" time="0.077" /><testcase classname="tests.pytest.test_phase_f3_content.TestServices" name="test_service_validation" time="0.068" /><testcase classname="tests.pytest.test_phase_f3_content.TestServices" name="test_service_lifecycle" time="1.158" /><testcase classname="tests.pytest.test_phase_f3_content.TestServices" name="test_stat_lifecycle" time="1.555" /><testcase classname="tests.pytest.test_phase_f3_content.TestFaq" name="test_list_seeded_categories" time="0.071" /><testcase classname="tests.pytest.test_phase_f3_content.TestFaq" name="test_list_seeded_questions" time="0.068" /><testcase classname="tests.pytest.test_phase_f3_content.TestFaq" name="test_category_duplicate_slug_422" time="0.142" /><testcase classname="tests.pytest.test_phase_f3_content.TestFaq" name="test_category_lifecycle" time="2.455" /><testcase classname="tests.pytest.test_phase_f3_content.TestFaq" name="test_faq_validation" time="0.480" /><testcase classname="tests.pytest.test_phase_f3_content.TestSettings" name="test_index_groups" time="0.073" /><testcase classname="tests.pytest.test_phase_f3_content.TestSettings" name="test_update_and_persist" time="0.375" /><testcase classname="tests.pytest.test_phase_f3_content.TestSettings" name="test_unknown_setting_rejected" time="0.069" /><testcase classname="tests.pytest.test_phase_f3_content.TestPublicApi" name="test_requires_no_auth_testimonials" time="0.127" /><testcase classname="tests.pytest.test_phase_f3_content.TestPublicApi" name="test_locale_switch_testimonials" time="0.110" /><testcase classname="tests.pytest.test_phase_f3_content.TestPublicApi" name="test_services_public" time="0.060" /><testcase classname="tests.pytest.test_phase_f3_content.TestPublicApi" name="test_faqs_public" time="0.122" /><testcase classname="tests.pytest.test_phase_f3_content.TestPublicApi" name="test_settings_public_excludes_integration" time="0.055" /><testcase classname="tests.pytest.test_phase_f3_content.TestPublicApi" name="test_public_hides_inactive" time="0.295" /><testcase classname="tests.pytest.test_phase_f3_content.TestEditorPermissions" name="test_editor_can_view" time="0.926" /><testcase classname="tests.pytest.test_phase_f3_content.TestEditorPermissions" name="test_editor_can_update" time="0.265" /><testcase classname="tests.pytest.test_phase_f3_content.TestEditorPermissions" name="test_editor_force_delete_forbidden" time="0.481" /><testcase classname="tests.pytest.test_phase_f3_content.TestEditorPermissions" name="test_unauthenticated_admin_blocked" time="0.066" /><testcase classname="tests.pytest.test_phase_f3c_portfolio.TestAuth" name="test_health" time="0.200" /><testcase classname="tests.pytest.test_phase_f3c_portfolio.TestAuth" name="test_login_without_2fa_returns_token" time="0.383" /><testcase classname="tests.pytest.test_phase_f3c_portfolio.TestAuth" name="test_login_with_2fa_flow" time="4.061" /><testcase classname="tests.pytest.test_phase_f3c_portfolio.TestAuth" name="test_me_requires_auth" time="0.111" /><testcase classname="tests.pytest.test_phase_f3c_portfolio.TestMedia" name="test_upload_serve_update_trash_restore_force" time="0.153"><error message="failed on setup with &quot;AssertionError: login shell.test@adiprimanto.com -&gt; 429 {&quot;success&quot;:false,&quot;message&quot;:&quot;Too many requests. Please try again later.&quot;}&#10;assert 429 == 200&#10; +  where 429 = &lt;Response [429]&gt;.status_code&quot;">E   AssertionError: login shell.test@adiprimanto.com -&gt; 429 {"success":false,"message":"Too many requests. Please try again later."}
    assert 429 == 200
     +  where 429 = &lt;Response [429]&gt;.status_code</error></testcase><testcase classname="tests.pytest.test_phase_f3c_portfolio.TestMedia" name="test_upload_rejects_non_image" time="0.000"><error message="failed on setup with &quot;AssertionError: login shell.test@adiprimanto.com -&gt; 429 {&quot;success&quot;:false,&quot;message&quot;:&quot;Too many requests. Please try again later.&quot;}&#10;assert 429 == 200&#10; +  where 429 = &lt;Response [429]&gt;.status_code&quot;">E   AssertionError: login shell.test@adiprimanto.com -&gt; 429 {"success":false,"message":"Too many requests. Please try again later."}
    assert 429 == 200
     +  where 429 = &lt;Response [429]&gt;.status_code</error></testcase><testcase classname="tests.pytest.test_phase_f3c_portfolio.TestMedia" name="test_pagination_meta" time="0.000"><error message="failed on setup with &quot;AssertionError: login shell.test@adiprimanto.com -&gt; 429 {&quot;success&quot;:false,&quot;message&quot;:&quot;Too many requests. Please try again later.&quot;}&#10;assert 429 == 200&#10; +  where 429 = &lt;Response [429]&gt;.status_code&quot;">E   AssertionError: login shell.test@adiprimanto.com -&gt; 429 {"success":false,"message":"Too many requests. Please try again later."}
    assert 429 == 200
     +  where 429 = &lt;Response [429]&gt;.status_code</error></testcase><testcase classname="tests.pytest.test_phase_f3c_portfolio.TestTechnologies" name="test_full_lifecycle" time="0.000"><error message="failed on setup with &quot;AssertionError: login shell.test@adiprimanto.com -&gt; 429 {&quot;success&quot;:false,&quot;message&quot;:&quot;Too many requests. Please try again later.&quot;}&#10;assert 429 == 200&#10; +  where 429 = &lt;Response [429]&gt;.status_code&quot;">E   AssertionError: login shell.test@adiprimanto.com -&gt; 429 {"success":false,"message":"Too many requests. Please try again later."}
    assert 429 == 200
     +  where 429 = &lt;Response [429]&gt;.status_code</error></testcase><testcase classname="tests.pytest.test_phase_f3c_portfolio.TestTechnologies" name="test_invalid_slug_returns_422_with_field_error" time="0.000"><error message="failed on setup with &quot;AssertionError: login shell.test@adiprimanto.com -&gt; 429 {&quot;success&quot;:false,&quot;message&quot;:&quot;Too many requests. Please try again later.&quot;}&#10;assert 429 == 200&#10; +  where 429 = &lt;Response [429]&gt;.status_code&quot;">E   AssertionError: login shell.test@adiprimanto.com -&gt; 429 {"success":false,"message":"Too many requests. Please try again later."}
    assert 429 == 200
     +  where 429 = &lt;Response [429]&gt;.status_code</error></testcase><testcase classname="tests.pytest.test_phase_f3c_portfolio.TestProjectCategories" name="test_translatable_create_and_partial_update" time="0.000"><error message="failed on setup with &quot;AssertionError: login shell.test@adiprimanto.com -&gt; 429 {&quot;success&quot;:false,&quot;message&quot;:&quot;Too many requests. Please try again later.&quot;}&#10;assert 429 == 200&#10; +  where 429 = &lt;Response [429]&gt;.status_code&quot;">E   AssertionError: login shell.test@adiprimanto.com -&gt; 429 {"success":false,"message":"Too many requests. Please try again later."}
    assert 429 == 200
     +  where 429 = &lt;Response [429]&gt;.status_code</error></testcase><testcase classname="tests.pytest.test_phase_f3c_portfolio.TestProjectCategories" name="test_index_exposes_projects_count" time="0.000"><error message="failed on setup with &quot;AssertionError: login shell.test@adiprimanto.com -&gt; 429 {&quot;success&quot;:false,&quot;message&quot;:&quot;Too many requests. Please try again later.&quot;}&#10;assert 429 == 200&#10; +  where 429 = &lt;Response [429]&gt;.status_code&quot;">E   AssertionError: login shell.test@adiprimanto.com -&gt; 429 {"success":false,"message":"Too many requests. Please try again later."}
    assert 429 == 200
     +  where 429 = &lt;Response [429]&gt;.status_code</error></testcase><testcase classname="tests.pytest.test_phase_f3c_portfolio.TestProjects" name="test_seeded_list_and_filters" time="0.000"><error message="failed on setup with &quot;AssertionError: login shell.test@adiprimanto.com -&gt; 429 {&quot;success&quot;:false,&quot;message&quot;:&quot;Too many requests. Please try again later.&quot;}&#10;assert 429 == 200&#10; +  where 429 = &lt;Response [429]&gt;.status_code&quot;">E   AssertionError: login shell.test@adiprimanto.com -&gt; 429 {"success":false,"message":"Too many requests. Please try again later."}
    assert 429 == 200
     +  where 429 = &lt;Response [429]&gt;.status_code</error></testcase><testcase classname="tests.pytest.test_phase_f3c_portfolio.TestProjects" name="test_create_update_publish_toggle_trash_lifecycle" time="0.000"><error message="failed on setup with &quot;AssertionError: login shell.test@adiprimanto.com -&gt; 429 {&quot;success&quot;:false,&quot;message&quot;:&quot;Too many requests. Please try again later.&quot;}&#10;assert 429 == 200&#10; +  where 429 = &lt;Response [429]&gt;.status_code&quot;">E   AssertionError: login shell.test@adiprimanto.com -&gt; 429 {"success":false,"message":"Too many requests. Please try again later."}
    assert 429 == 200
     +  where 429 = &lt;Response [429]&gt;.status_code</error></testcase><testcase classname="tests.pytest.test_phase_f3c_portfolio.TestProjects" name="test_empty_payload_returns_422" time="0.000"><error message="failed on setup with &quot;AssertionError: login shell.test@adiprimanto.com -&gt; 429 {&quot;success&quot;:false,&quot;message&quot;:&quot;Too many requests. Please try again later.&quot;}&#10;assert 429 == 200&#10; +  where 429 = &lt;Response [429]&gt;.status_code&quot;">E   AssertionError: login shell.test@adiprimanto.com -&gt; 429 {"success":false,"message":"Too many requests. Please try again later."}
    assert 429 == 200
     +  where 429 = &lt;Response [429]&gt;.status_code</error></testcase><testcase classname="tests.pytest.test_phase_f3c_portfolio.TestProjects" name="test_reorder_persists" time="0.000"><error message="failed on setup with &quot;AssertionError: login shell.test@adiprimanto.com -&gt; 429 {&quot;success&quot;:false,&quot;message&quot;:&quot;Too many requests. Please try again later.&quot;}&#10;assert 429 == 200&#10; +  where 429 = &lt;Response [429]&gt;.status_code&quot;">E   AssertionError: login shell.test@adiprimanto.com -&gt; 429 {"success":false,"message":"Too many requests. Please try again later."}
    assert 429 == 200
     +  where 429 = &lt;Response [429]&gt;.status_code</error></testcase><testcase classname="tests.pytest.test_phase_f3c_portfolio.TestEditorPermissions" name="test_editor_can_view" time="0.740" /><testcase classname="tests.pytest.test_phase_f3c_portfolio.TestEditorPermissions" name="test_editor_cannot_delete" time="0.000"><error message="failed on setup with &quot;AssertionError: login shell.test@adiprimanto.com -&gt; 429 {&quot;success&quot;:false,&quot;message&quot;:&quot;Too many requests. Please try again later.&quot;}&#10;assert 429 == 200&#10; +  where 429 = &lt;Response [429]&gt;.status_code&quot;">E   AssertionError: login shell.test@adiprimanto.com -&gt; 429 {"success":false,"message":"Too many requests. Please try again later."}
    assert 429 == 200
     +  where 429 = &lt;Response [429]&gt;.status_code</error></testcase><testcase classname="tests.pytest.test_phase_f3c_portfolio.TestEditorPermissions" name="test_editor_cannot_force_delete" time="0.000"><error message="failed on setup with &quot;AssertionError: login shell.test@adiprimanto.com -&gt; 429 {&quot;success&quot;:false,&quot;message&quot;:&quot;Too many requests. Please try again later.&quot;}&#10;assert 429 == 200&#10; +  where 429 = &lt;Response [429]&gt;.status_code&quot;">E   AssertionError: login shell.test@adiprimanto.com -&gt; 429 {"success":false,"message":"Too many requests. Please try again later."}
    assert 429 == 200
     +  where 429 = &lt;Response [429]&gt;.status_code</error></testcase><testcase classname="tests.pytest.test_phase_f4_hero_about.TestHeroSection" name="test_show_seeded_content" time="0.155"><error message="failed on setup with &quot;AssertionError: login shell.test@adiprimanto.com -&gt; 429 {&quot;success&quot;:false,&quot;message&quot;:&quot;Too many requests. Please try again later.&quot;}&#10;assert 429 == 200&#10; +  where 429 = &lt;Response [429]&gt;.status_code&quot;">E   AssertionError: login shell.test@adiprimanto.com -&gt; 429 {"success":false,"message":"Too many requests. Please try again later."}
    assert 429 == 200
     +  where 429 = &lt;Response [429]&gt;.status_code</error></testcase><testcase classname="tests.pytest.test_phase_f4_hero_about.TestHeroSection" name="test_update_en_only_keeps_id_copy" time="0.000"><error message="failed on setup with &quot;AssertionError: login shell.test@adiprimanto.com -&gt; 429 {&quot;success&quot;:false,&quot;message&quot;:&quot;Too many requests. Please try again later.&quot;}&#10;assert 429 == 200&#10; +  where 429 = &lt;Response [429]&gt;.status_code&quot;">E   AssertionError: login shell.test@adiprimanto.com -&gt; 429 {"success":false,"message":"Too many requests. Please try again later."}
    assert 429 == 200
     +  where 429 = &lt;Response [429]&gt;.status_code</error></testcase><testcase classname="tests.pytest.test_phase_f4_hero_about.TestHeroSection" name="test_update_media_links_and_visibility" time="0.001"><error message="failed on setup with &quot;AssertionError: login shell.test@adiprimanto.com -&gt; 429 {&quot;success&quot;:false,&quot;message&quot;:&quot;Too many requests. Please try again later.&quot;}&#10;assert 429 == 200&#10; +  where 429 = &lt;Response [429]&gt;.status_code&quot;">E   AssertionError: login shell.test@adiprimanto.com -&gt; 429 {"success":false,"message":"Too many requests. Please try again later."}
    assert 429 == 200
     +  where 429 = &lt;Response [429]&gt;.status_code</error></testcase><testcase classname="tests.pytest.test_phase_f4_hero_about.TestHeroSection" name="test_invalid_profile_media_id" time="0.000"><error message="failed on setup with &quot;AssertionError: login shell.test@adiprimanto.com -&gt; 429 {&quot;success&quot;:false,&quot;message&quot;:&quot;Too many requests. Please try again later.&quot;}&#10;assert 429 == 200&#10; +  where 429 = &lt;Response [429]&gt;.status_code&quot;">E   AssertionError: login shell.test@adiprimanto.com -&gt; 429 {"success":false,"message":"Too many requests. Please try again later."}
    assert 429 == 200
     +  where 429 = &lt;Response [429]&gt;.status_code</error></testcase><testcase classname="tests.pytest.test_phase_f4_hero_about.TestHeroMetrics" name="test_list_seeded" time="0.000"><error message="failed on setup with &quot;AssertionError: login shell.test@adiprimanto.com -&gt; 429 {&quot;success&quot;:false,&quot;message&quot;:&quot;Too many requests. Please try again later.&quot;}&#10;assert 429 == 200&#10; +  where 429 = &lt;Response [429]&gt;.status_code&quot;">E   AssertionError: login shell.test@adiprimanto.com -&gt; 429 {"success":false,"message":"Too many requests. Please try again later."}
    assert 429 == 200
     +  where 429 = &lt;Response [429]&gt;.status_code</error></testcase><testcase classname="tests.pytest.test_phase_f4_hero_about.TestHeroMetrics" name="test_validation_empty_payload" time="0.000"><error message="failed on setup with &quot;AssertionError: login shell.test@adiprimanto.com -&gt; 429 {&quot;success&quot;:false,&quot;message&quot;:&quot;Too many requests. Please try again later.&quot;}&#10;assert 429 == 200&#10; +  where 429 = &lt;Response [429]&gt;.status_code&quot;">E   AssertionError: login shell.test@adiprimanto.com -&gt; 429 {"success":false,"message":"Too many requests. Please try again later."}
    assert 429 == 200
     +  where 429 = &lt;Response [429]&gt;.status_code</error></testcase><testcase classname="tests.pytest.test_phase_f4_hero_about.TestHeroMetrics" name="test_validation_bad_color" time="0.000"><error message="failed on setup with &quot;AssertionError: login shell.test@adiprimanto.com -&gt; 429 {&quot;success&quot;:false,&quot;message&quot;:&quot;Too many requests. Please try again later.&quot;}&#10;assert 429 == 200&#10; +  where 429 = &lt;Response [429]&gt;.status_code&quot;">E   AssertionError: login shell.test@adiprimanto.com -&gt; 429 {"success":false,"message":"Too many requests. Please try again later."}
    assert 429 == 200
     +  where 429 = &lt;Response [429]&gt;.status_code</error></testcase><testcase classname="tests.pytest.test_phase_f4_hero_about.TestHeroMetrics" name="test_create" time="0.000"><error message="failed on setup with &quot;AssertionError: login shell.test@adiprimanto.com -&gt; 429 {&quot;success&quot;:false,&quot;message&quot;:&quot;Too many requests. Please try again later.&quot;}&#10;assert 429 == 200&#10; +  where 429 = &lt;Response [429]&gt;.status_code&quot;">E   AssertionError: login shell.test@adiprimanto.com -&gt; 429 {"success":false,"message":"Too many requests. Please try again later."}
    assert 429 == 200
     +  where 429 = &lt;Response [429]&gt;.status_code</error></testcase><testcase classname="tests.pytest.test_phase_f4_hero_about.TestHeroMetrics" name="test_update" time="0.000"><error message="failed on setup with &quot;AssertionError: login shell.test@adiprimanto.com -&gt; 429 {&quot;success&quot;:false,&quot;message&quot;:&quot;Too many requests. Please try again later.&quot;}&#10;assert 429 == 200&#10; +  where 429 = &lt;Response [429]&gt;.status_code&quot;">E   AssertionError: login shell.test@adiprimanto.com -&gt; 429 {"success":false,"message":"Too many requests. Please try again later."}
    assert 429 == 200
     +  where 429 = &lt;Response [429]&gt;.status_code</error></testcase><testcase classname="tests.pytest.test_phase_f4_hero_about.TestHeroMetrics" name="test_toggle_active" time="0.000"><error message="failed on setup with &quot;AssertionError: login shell.test@adiprimanto.com -&gt; 429 {&quot;success&quot;:false,&quot;message&quot;:&quot;Too many requests. Please try again later.&quot;}&#10;assert 429 == 200&#10; +  where 429 = &lt;Response [429]&gt;.status_code&quot;">E   AssertionError: login shell.test@adiprimanto.com -&gt; 429 {"success":false,"message":"Too many requests. Please try again later."}
    assert 429 == 200
     +  where 429 = &lt;Response [429]&gt;.status_code</error></testcase><testcase classname="tests.pytest.test_phase_f4_hero_about.TestHeroMetrics" name="test_reorder" time="0.000"><error message="failed on setup with &quot;AssertionError: login shell.test@adiprimanto.com -&gt; 429 {&quot;success&quot;:false,&quot;message&quot;:&quot;Too many requests. Please try again later.&quot;}&#10;assert 429 == 200&#10; +  where 429 = &lt;Response [429]&gt;.status_code&quot;">E   AssertionError: login shell.test@adiprimanto.com -&gt; 429 {"success":false,"message":"Too many requests. Please try again later."}
    assert 429 == 200
     +  where 429 = &lt;Response [429]&gt;.status_code</error></testcase><testcase classname="tests.pytest.test_phase_f4_hero_about.TestHeroMetrics" name="test_trash_restore_force" time="0.000"><error message="failed on setup with &quot;AssertionError: login shell.test@adiprimanto.com -&gt; 429 {&quot;success&quot;:false,&quot;message&quot;:&quot;Too many requests. Please try again later.&quot;}&#10;assert 429 == 200&#10; +  where 429 = &lt;Response [429]&gt;.status_code&quot;">E   AssertionError: login shell.test@adiprimanto.com -&gt; 429 {"success":false,"message":"Too many requests. Please try again later."}
    assert 429 == 200
     +  where 429 = &lt;Response [429]&gt;.status_code</error></testcase><testcase classname="tests.pytest.test_phase_f4_hero_about.TestAboutSection" name="test_show_seeded_content" time="0.000"><error message="failed on setup with &quot;AssertionError: login shell.test@adiprimanto.com -&gt; 429 {&quot;success&quot;:false,&quot;message&quot;:&quot;Too many requests. Please try again later.&quot;}&#10;assert 429 == 200&#10; +  where 429 = &lt;Response [429]&gt;.status_code&quot;">E   AssertionError: login shell.test@adiprimanto.com -&gt; 429 {"success":false,"message":"Too many requests. Please try again later."}
    assert 429 == 200
     +  where 429 = &lt;Response [429]&gt;.status_code</error></testcase><testcase classname="tests.pytest.test_phase_f4_hero_about.TestAboutSection" name="test_update_and_persist" time="0.000"><error message="failed on setup with &quot;AssertionError: login shell.test@adiprimanto.com -&gt; 429 {&quot;success&quot;:false,&quot;message&quot;:&quot;Too many requests. Please try again later.&quot;}&#10;assert 429 == 200&#10; +  where 429 = &lt;Response [429]&gt;.status_code&quot;">E   AssertionError: login shell.test@adiprimanto.com -&gt; 429 {"success":false,"message":"Too many requests. Please try again later."}
    assert 429 == 200
     +  where 429 = &lt;Response [429]&gt;.status_code</error></testcase><testcase classname="tests.pytest.test_phase_f4_hero_about.TestAboutSection" name="test_invalid_latitude" time="0.000"><error message="failed on setup with &quot;AssertionError: login shell.test@adiprimanto.com -&gt; 429 {&quot;success&quot;:false,&quot;message&quot;:&quot;Too many requests. Please try again later.&quot;}&#10;assert 429 == 200&#10; +  where 429 = &lt;Response [429]&gt;.status_code&quot;">E   AssertionError: login shell.test@adiprimanto.com -&gt; 429 {"success":false,"message":"Too many requests. Please try again later."}
    assert 429 == 200
     +  where 429 = &lt;Response [429]&gt;.status_code</error></testcase><testcase classname="tests.pytest.test_phase_f4_hero_about.TestAboutSection" name="test_invalid_longitude" time="0.000"><error message="failed on setup with &quot;AssertionError: login shell.test@adiprimanto.com -&gt; 429 {&quot;success&quot;:false,&quot;message&quot;:&quot;Too many requests. Please try again later.&quot;}&#10;assert 429 == 200&#10; +  where 429 = &lt;Response [429]&gt;.status_code&quot;">E   AssertionError: login shell.test@adiprimanto.com -&gt; 429 {"success":false,"message":"Too many requests. Please try again later."}
    assert 429 == 200
     +  where 429 = &lt;Response [429]&gt;.status_code</error></testcase><testcase classname="tests.pytest.test_phase_f4_hero_about.TestAboutStats" name="test_list_seeded" time="0.000"><error message="failed on setup with &quot;AssertionError: login shell.test@adiprimanto.com -&gt; 429 {&quot;success&quot;:false,&quot;message&quot;:&quot;Too many requests. Please try again later.&quot;}&#10;assert 429 == 200&#10; +  where 429 = &lt;Response [429]&gt;.status_code&quot;">E   AssertionError: login shell.test@adiprimanto.com -&gt; 429 {"success":false,"message":"Too many requests. Please try again later."}
    assert 429 == 200
     +  where 429 = &lt;Response [429]&gt;.status_code</error></testcase><testcase classname="tests.pytest.test_phase_f4_hero_about.TestAboutStats" name="test_validation_empty_payload" time="0.000"><error message="failed on setup with &quot;AssertionError: login shell.test@adiprimanto.com -&gt; 429 {&quot;success&quot;:false,&quot;message&quot;:&quot;Too many requests. Please try again later.&quot;}&#10;assert 429 == 200&#10; +  where 429 = &lt;Response [429]&gt;.status_code&quot;">E   AssertionError: login shell.test@adiprimanto.com -&gt; 429 {"success":false,"message":"Too many requests. Please try again later."}
    assert 429 == 200
     +  where 429 = &lt;Response [429]&gt;.status_code</error></testcase><testcase classname="tests.pytest.test_phase_f4_hero_about.TestAboutStats" name="test_create" time="0.000"><error message="failed on setup with &quot;AssertionError: login shell.test@adiprimanto.com -&gt; 429 {&quot;success&quot;:false,&quot;message&quot;:&quot;Too many requests. Please try again later.&quot;}&#10;assert 429 == 200&#10; +  where 429 = &lt;Response [429]&gt;.status_code&quot;">E   AssertionError: login shell.test@adiprimanto.com -&gt; 429 {"success":false,"message":"Too many requests. Please try again later."}
    assert 429 == 200
     +  where 429 = &lt;Response [429]&gt;.status_code</error></testcase><testcase classname="tests.pytest.test_phase_f4_hero_about.TestAboutStats" name="test_update" time="0.000"><error message="failed on setup with &quot;AssertionError: login shell.test@adiprimanto.com -&gt; 429 {&quot;success&quot;:false,&quot;message&quot;:&quot;Too many requests. Please try again later.&quot;}&#10;assert 429 == 200&#10; +  where 429 = &lt;Response [429]&gt;.status_code&quot;">E   AssertionError: login shell.test@adiprimanto.com -&gt; 429 {"success":false,"message":"Too many requests. Please try again later."}
    assert 429 == 200
     +  where 429 = &lt;Response [429]&gt;.status_code</error></testcase><testcase classname="tests.pytest.test_phase_f4_hero_about.TestAboutStats" name="test_toggle_active_and_public_visibility" time="0.000"><error message="failed on setup with &quot;AssertionError: login shell.test@adiprimanto.com -&gt; 429 {&quot;success&quot;:false,&quot;message&quot;:&quot;Too many requests. Please try again later.&quot;}&#10;assert 429 == 200&#10; +  where 429 = &lt;Response [429]&gt;.status_code&quot;">E   AssertionError: login shell.test@adiprimanto.com -&gt; 429 {"success":false,"message":"Too many requests. Please try again later."}
    assert 429 == 200
     +  where 429 = &lt;Response [429]&gt;.status_code</error></testcase><testcase classname="tests.pytest.test_phase_f4_hero_about.TestAboutStats" name="test_reorder" time="0.000"><error message="failed on setup with &quot;AssertionError: login shell.test@adiprimanto.com -&gt; 429 {&quot;success&quot;:false,&quot;message&quot;:&quot;Too many requests. Please try again later.&quot;}&#10;assert 429 == 200&#10; +  where 429 = &lt;Response [429]&gt;.status_code&quot;">E   AssertionError: login shell.test@adiprimanto.com -&gt; 429 {"success":false,"message":"Too many requests. Please try again later."}
    assert 429 == 200
     +  where 429 = &lt;Response [429]&gt;.status_code</error></testcase><testcase classname="tests.pytest.test_phase_f4_hero_about.TestAboutStats" name="test_trash_restore_force" time="0.000"><error message="failed on setup with &quot;AssertionError: login shell.test@adiprimanto.com -&gt; 429 {&quot;success&quot;:false,&quot;message&quot;:&quot;Too many requests. Please try again later.&quot;}&#10;assert 429 == 200&#10; +  where 429 = &lt;Response [429]&gt;.status_code&quot;">E   AssertionError: login shell.test@adiprimanto.com -&gt; 429 {"success":false,"message":"Too many requests. Please try again later."}
    assert 429 == 200
     +  where 429 = &lt;Response [429]&gt;.status_code</error></testcase><testcase classname="tests.pytest.test_phase_f4_hero_about.TestPublicHeroAbout" name="test_public_hero_default_locale_id" time="0.164" /><testcase classname="tests.pytest.test_phase_f4_hero_about.TestPublicHeroAbout" name="test_public_hero_en" time="0.155" /><testcase classname="tests.pytest.test_phase_f4_hero_about.TestPublicHeroAbout" name="test_public_about_default_locale_id" time="0.076" /><testcase classname="tests.pytest.test_phase_f4_hero_about.TestPublicHeroAbout" name="test_public_about_en" time="0.063" /><testcase classname="tests.pytest.test_phase_f4_hero_about.TestPublicHeroAbout" name="test_public_invalid_locale_falls_back" time="0.129" /><testcase classname="tests.pytest.test_phase_f4_hero_about.TestPublicHeroAbout" name="test_admin_endpoints_require_auth" time="0.431" /><testcase classname="tests.pytest.test_phase_f4_hero_about.TestEditorPermissions" name="test_editor_can_view_and_save" time="0.690" /><testcase classname="tests.pytest.test_phase_f4_hero_about.TestEditorPermissions" name="test_editor_forbidden_force_delete" time="0.000"><error message="failed on setup with &quot;AssertionError: login shell.test@adiprimanto.com -&gt; 429 {&quot;success&quot;:false,&quot;message&quot;:&quot;Too many requests. Please try again later.&quot;}&#10;assert 429 == 200&#10; +  where 429 = &lt;Response [429]&gt;.status_code&quot;">E   AssertionError: login shell.test@adiprimanto.com -&gt; 429 {"success":false,"message":"Too many requests. Please try again later."}
    assert 429 == 200
     +  where 429 = &lt;Response [429]&gt;.status_code</error></testcase><testcase classname="tests.pytest.test_phase_f4_hero_about.TestF3Regression" name="test_f3_endpoints_still_ok[admin/testimonials]" time="0.000"><error message="failed on setup with &quot;AssertionError: login shell.test@adiprimanto.com -&gt; 429 {&quot;success&quot;:false,&quot;message&quot;:&quot;Too many requests. Please try again later.&quot;}&#10;assert 429 == 200&#10; +  where 429 = &lt;Response [429]&gt;.status_code&quot;">E   AssertionError: login shell.test@adiprimanto.com -&gt; 429 {"success":false,"message":"Too many requests. Please try again later."}
    assert 429 == 200
     +  where 429 = &lt;Response [429]&gt;.status_code</error></testcase><testcase classname="tests.pytest.test_phase_f4_hero_about.TestF3Regression" name="test_f3_endpoints_still_ok[admin/services]" time="0.002"><error message="failed on setup with &quot;AssertionError: login shell.test@adiprimanto.com -&gt; 429 {&quot;success&quot;:false,&quot;message&quot;:&quot;Too many requests. Please try again later.&quot;}&#10;assert 429 == 200&#10; +  where 429 = &lt;Response [429]&gt;.status_code&quot;">E   AssertionError: login shell.test@adiprimanto.com -&gt; 429 {"success":false,"message":"Too many requests. Please try again later."}
    assert 429 == 200
     +  where 429 = &lt;Response [429]&gt;.status_code</error></testcase><testcase classname="tests.pytest.test_phase_f4_hero_about.TestF3Regression" name="test_f3_endpoints_still_ok[admin/service-stats]" time="0.000"><error message="failed on setup with &quot;AssertionError: login shell.test@adiprimanto.com -&gt; 429 {&quot;success&quot;:false,&quot;message&quot;:&quot;Too many requests. Please try again later.&quot;}&#10;assert 429 == 200&#10; +  where 429 = &lt;Response [429]&gt;.status_code&quot;">E   AssertionError: login shell.test@adiprimanto.com -&gt; 429 {"success":false,"message":"Too many requests. Please try again later."}
    assert 429 == 200
     +  where 429 = &lt;Response [429]&gt;.status_code</error></testcase><testcase classname="tests.pytest.test_phase_f4_hero_about.TestF3Regression" name="test_f3_endpoints_still_ok[admin/faqs]" time="0.000"><error message="failed on setup with &quot;AssertionError: login shell.test@adiprimanto.com -&gt; 429 {&quot;success&quot;:false,&quot;message&quot;:&quot;Too many requests. Please try again later.&quot;}&#10;assert 429 == 200&#10; +  where 429 = &lt;Response [429]&gt;.status_code&quot;">E   AssertionError: login shell.test@adiprimanto.com -&gt; 429 {"success":false,"message":"Too many requests. Please try again later."}
    assert 429 == 200
     +  where 429 = &lt;Response [429]&gt;.status_code</error></testcase><testcase classname="tests.pytest.test_phase_f4_hero_about.TestF3Regression" name="test_f3_endpoints_still_ok[admin/faq-categories]" time="0.000"><error message="failed on setup with &quot;AssertionError: login shell.test@adiprimanto.com -&gt; 429 {&quot;success&quot;:false,&quot;message&quot;:&quot;Too many requests. Please try again later.&quot;}&#10;assert 429 == 200&#10; +  where 429 = &lt;Response [429]&gt;.status_code&quot;">E   AssertionError: login shell.test@adiprimanto.com -&gt; 429 {"success":false,"message":"Too many requests. Please try again later."}
    assert 429 == 200
     +  where 429 = &lt;Response [429]&gt;.status_code</error></testcase><testcase classname="tests.pytest.test_phase_f4_hero_about.TestF3Regression" name="test_f3_endpoints_still_ok[admin/settings]" time="0.000"><error message="failed on setup with &quot;AssertionError: login shell.test@adiprimanto.com -&gt; 429 {&quot;success&quot;:false,&quot;message&quot;:&quot;Too many requests. Please try again later.&quot;}&#10;assert 429 == 200&#10; +  where 429 = &lt;Response [429]&gt;.status_code&quot;">E   AssertionError: login shell.test@adiprimanto.com -&gt; 429 {"success":false,"message":"Too many requests. Please try again later."}
    assert 429 == 200
     +  where 429 = &lt;Response [429]&gt;.status_code</error></testcase><testcase classname="tests.pytest.test_phase_f4b_content_modules.TestSeededLists" name="test_list_returns_seeded_rows[skill-categories-4]" time="42.595" /><testcase classname="tests.pytest.test_phase_f4b_content_modules.TestSeededLists" name="test_list_returns_seeded_rows[skills-22]" time="0.075" /><testcase classname="tests.pytest.test_phase_f4b_content_modules.TestSeededLists" name="test_list_returns_seeded_rows[pain-points-3]" time="0.069" /><testcase classname="tests.pytest.test_phase_f4b_content_modules.TestSeededLists" name="test_list_returns_seeded_rows[process-steps-4]" time="0.069" /><testcase classname="tests.pytest.test_phase_f4b_content_modules.TestSeededLists" name="test_list_returns_seeded_rows[clients-5]" time="0.082" /><testcase classname="tests.pytest.test_phase_f4b_content_modules.TestSeededLists" name="test_list_returns_seeded_rows[navigation-menus-11]" time="0.076" /><testcase classname="tests.pytest.test_phase_f4b_content_modules.TestSeededLists" name="test_list_returns_seeded_rows[contact-channels-3]" time="0.071" /><testcase classname="tests.pytest.test_phase_f4b_content_modules.TestSeededLists" name="test_list_returns_seeded_rows[social-links-4]" time="0.073" /><testcase classname="tests.pytest.test_phase_f4b_content_modules.TestSeededLists" name="test_list_returns_seeded_rows[seo-settings-2]" time="0.067" /><testcase classname="tests.pytest.test_phase_f4b_content_modules.TestSeededLists" name="test_skill_category_counts" time="0.075" /><testcase classname="tests.pytest.test_phase_f4b_content_modules.TestSeededLists" name="test_skills_expose_category" time="0.064" /><testcase classname="tests.pytest.test_phase_f4b_content_modules.TestSeededLists" name="test_clients_featured_triplinq" time="0.068" /><testcase classname="tests.pytest.test_phase_f4b_content_modules.TestSeededLists" name="test_navigation_location_filter" time="0.151" /><testcase classname="tests.pytest.test_phase_f4b_content_modules.TestSeededLists" name="test_contact_channel_types" time="0.065" /><testcase classname="tests.pytest.test_phase_f4b_content_modules.TestSeededLists" name="test_social_link_platforms" time="0.070" /><testcase classname="tests.pytest.test_phase_f4b_content_modules.TestSeededLists" name="test_seo_pages" time="0.062" /><testcase classname="tests.pytest.test_phase_f4b_content_modules.TestCrudCycles" name="test_skill_category_cycle" time="0.992" /><testcase classname="tests.pytest.test_phase_f4b_content_modules.TestCrudCycles" name="test_skill_cycle_and_category_link" time="0.423" /><testcase classname="tests.pytest.test_phase_f4b_content_modules.TestCrudCycles" name="test_pain_point_cycle" time="1.112" /><testcase classname="tests.pytest.test_phase_f4b_content_modules.TestCrudCycles" name="test_process_step_cycle_number_is_int" time="0.260" /><testcase classname="tests.pytest.test_phase_f4b_content_modules.TestCrudCycles" name="test_client_cycle" time="1.071" /><testcase classname="tests.pytest.test_phase_f4b_content_modules.TestCrudCycles" name="test_navigation_cycle_header_and_footer" time="0.625" /><testcase classname="tests.pytest.test_phase_f4b_content_modules.TestCrudCycles" name="test_contact_channel_cycle" time="0.942" /><testcase classname="tests.pytest.test_phase_f4b_content_modules.TestCrudCycles" name="test_social_link_cycle" time="0.964" /><testcase classname="tests.pytest.test_phase_f4b_content_modules.TestCrudCycles" name="test_seo_setting_cycle" time="0.975" /><testcase classname="tests.pytest.test_phase_f4b_content_modules.TestCrudCycles" name="test_reorder_persists" time="0.292" /><testcase classname="tests.pytest.test_phase_f4b_content_modules.TestValidation" name="test_pain_point_empty_payload_422" time="0.066" /><testcase classname="tests.pytest.test_phase_f4b_content_modules.TestValidation" name="test_client_invalid_website_url_422" time="0.071" /><testcase classname="tests.pytest.test_phase_f4b_content_modules.TestValidation" name="test_contact_channel_invalid_colour_422" time="0.071" /><testcase classname="tests.pytest.test_phase_f4b_content_modules.TestValidation" name="test_social_link_invalid_url_422" time="0.068" /><testcase classname="tests.pytest.test_phase_f4b_content_modules.TestValidation" name="test_seo_duplicate_page_key_422" time="0.068" /><testcase classname="tests.pytest.test_phase_f4b_content_modules.TestValidation" name="test_skill_requires_name" time="51.196" /><testcase classname="tests.pytest.test_phase_f4b_content_modules.TestPublicApi" name="test_public_no_auth[skills]" time="0.211" /><testcase classname="tests.pytest.test_phase_f4b_content_modules.TestPublicApi" name="test_public_no_auth[pain-points]" time="0.061" /><testcase classname="tests.pytest.test_phase_f4b_content_modules.TestPublicApi" name="test_public_no_auth[process-steps]" time="0.072" /><testcase classname="tests.pytest.test_phase_f4b_content_modules.TestPublicApi" name="test_public_no_auth[clients]" time="0.078" /><testcase classname="tests.pytest.test_phase_f4b_content_modules.TestPublicApi" name="test_public_no_auth[navigation]" time="0.066" /><testcase classname="tests.pytest.test_phase_f4b_content_modules.TestPublicApi" name="test_public_no_auth[contact]" time="0.069" /><testcase classname="tests.pytest.test_phase_f4b_content_modules.TestPublicApi" name="test_public_no_auth[seo]" time="0.062" /><testcase classname="tests.pytest.test_phase_f4b_content_modules.TestPublicApi" name="test_public_skills_only_active" time="0.287" /><testcase classname="tests.pytest.test_phase_f4b_content_modules.TestPublicApi" name="test_public_navigation_shape" time="0.071" /><testcase classname="tests.pytest.test_phase_f4b_content_modules.TestPublicApi" name="test_public_contact_shape" time="0.066" /><testcase classname="tests.pytest.test_phase_f4b_content_modules.TestPublicApi" name="test_public_seo_by_page_key" time="0.073" /><testcase classname="tests.pytest.test_phase_f4b_content_modules.TestPublicApi" name="test_public_locale_switch" time="0.197" /><testcase classname="tests.pytest.test_phase_f4b_content_modules.TestPublicApi" name="test_public_process_steps_sorted" time="0.063" /><testcase classname="tests.pytest.test_phase_f4b_content_modules.TestEditorPermissions" name="test_editor_can_list[skill-categories]" time="0.464" /><testcase classname="tests.pytest.test_phase_f4b_content_modules.TestEditorPermissions" name="test_editor_can_list[skills]" time="0.071" /><testcase classname="tests.pytest.test_phase_f4b_content_modules.TestEditorPermissions" name="test_editor_can_list[pain-points]" time="0.071" /><testcase classname="tests.pytest.test_phase_f4b_content_modules.TestEditorPermissions" name="test_editor_can_list[process-steps]" time="0.068" /><testcase classname="tests.pytest.test_phase_f4b_content_modules.TestEditorPermissions" name="test_editor_can_list[clients]" time="0.079" /><testcase classname="tests.pytest.test_phase_f4b_content_modules.TestEditorPermissions" name="test_editor_can_list[navigation-menus]" time="0.069" /><testcase classname="tests.pytest.test_phase_f4b_content_modules.TestEditorPermissions" name="test_editor_can_list[contact-channels]" time="0.071" /><testcase classname="tests.pytest.test_phase_f4b_content_modules.TestEditorPermissions" name="test_editor_can_list[social-links]" time="0.070" /><testcase classname="tests.pytest.test_phase_f4b_content_modules.TestEditorPermissions" name="test_editor_can_list[seo-settings]" time="0.065" /><testcase classname="tests.pytest.test_phase_f4b_content_modules.TestEditorPermissions" name="test_editor_force_delete_forbidden[skill-categories]" time="0.138" /><testcase classname="tests.pytest.test_phase_f4b_content_modules.TestEditorPermissions" name="test_editor_force_delete_forbidden[skills]" time="0.136" /><testcase classname="tests.pytest.test_phase_f4b_content_modules.TestEditorPermissions" name="test_editor_force_delete_forbidden[pain-points]" time="0.135" /><testcase classname="tests.pytest.test_phase_f4b_content_modules.TestEditorPermissions" name="test_editor_force_delete_forbidden[process-steps]" time="0.163" /><testcase classname="tests.pytest.test_phase_f4b_content_modules.TestEditorPermissions" name="test_editor_force_delete_forbidden[clients]" time="0.181" /><testcase classname="tests.pytest.test_phase_f4b_content_modules.TestEditorPermissions" name="test_editor_force_delete_forbidden[navigation-menus]" time="0.132" /><testcase classname="tests.pytest.test_phase_f4b_content_modules.TestEditorPermissions" name="test_editor_force_delete_forbidden[contact-channels]" time="0.136" /><testcase classname="tests.pytest.test_phase_f4b_content_modules.TestEditorPermissions" name="test_editor_force_delete_forbidden[social-links]" time="0.119" /><testcase classname="tests.pytest.test_phase_f4b_content_modules.TestEditorPermissions" name="test_editor_force_delete_forbidden[seo-settings]" time="0.133" /><testcase classname="tests.pytest.test_phase_f4b_content_modules.TestEditorPermissions" name="test_editor_can_toggle" time="0.229" /><testcase classname="tests.pytest.test_phase_f4b_content_modules.TestEditorPermissions" name="test_anonymous_admin_access_denied" time="0.069" /><testcase classname="tests.pytest.test_phase_f4b_content_modules.TestRegression" name="test_earlier_modules_still_ok[hero]" time="0.064" /><testcase classname="tests.pytest.test_phase_f4b_content_modules.TestRegression" name="test_earlier_modules_still_ok[hero-metrics]" time="0.067" /><testcase classname="tests.pytest.test_phase_f4b_content_modules.TestRegression" name="test_earlier_modules_still_ok[about]" time="0.063" /><testcase classname="tests.pytest.test_phase_f4b_content_modules.TestRegression" name="test_earlier_modules_still_ok[about-stats]" time="0.070" /><testcase classname="tests.pytest.test_phase_f4b_content_modules.TestRegression" name="test_earlier_modules_still_ok[testimonials]" time="0.060" /><testcase classname="tests.pytest.test_phase_f4b_content_modules.TestRegression" name="test_earlier_modules_still_ok[services]" time="0.059" /><testcase classname="tests.pytest.test_phase_f4b_content_modules.TestRegression" name="test_earlier_modules_still_ok[faqs]" time="0.066" /><testcase classname="tests.pytest.test_phase_f4b_content_modules.TestRegression" name="test_earlier_modules_still_ok[faq-categories]" time="0.067" /><testcase classname="tests.pytest.test_phase_f4b_content_modules.TestRegression" name="test_earlier_modules_still_ok[settings]" time="0.066" /><testcase classname="tests.pytest.test_phase_f5_inbox_users.TestPublicContactForm" name="test_submit_success_and_mail_logged" time="2.175" /><testcase classname="tests.pytest.test_phase_f5_inbox_users.TestPublicContactForm" name="test_validation_errors[mutate0-name]" time="0.277" /><testcase classname="tests.pytest.test_phase_f5_inbox_users.TestPublicContactForm" name="test_validation_errors[mutate1-email]" time="0.268" /><testcase classname="tests.pytest.test_phase_f5_inbox_users.TestPublicContactForm" name="test_validation_errors[mutate2-message]" time="0.290" /><testcase classname="tests.pytest.test_phase_f5_inbox_users.TestPublicContactForm" name="test_honeypot_rejected" time="0.279" /><testcase classname="tests.pytest.test_phase_f5_inbox_users.TestPublicContactForm" name="test_rate_limit_429" time="1.444" /><testcase classname="tests.pytest.test_phase_f5_inbox_users.TestInbox" name="test_index_and_unread_header" time="0.373" /><testcase classname="tests.pytest.test_phase_f5_inbox_users.TestInbox" name="test_summary" time="0.075" /><testcase classname="tests.pytest.test_phase_f5_inbox_users.TestInbox" name="test_status_filter_and_search" time="0.145" /><testcase classname="tests.pytest.test_phase_f5_inbox_users.TestInbox" name="test_show_marks_read" time="0.207" /><testcase classname="tests.pytest.test_phase_f5_inbox_users.TestInbox" name="test_status_transitions[replied]" time="0.139" /><testcase classname="tests.pytest.test_phase_f5_inbox_users.TestInbox" name="test_status_transitions[spam]" time="0.156" /><testcase classname="tests.pytest.test_phase_f5_inbox_users.TestInbox" name="test_status_transitions[archived]" time="0.150" /><testcase classname="tests.pytest.test_phase_f5_inbox_users.TestInbox" name="test_internal_note_persists" time="0.147" /><testcase classname="tests.pytest.test_phase_f5_inbox_users.TestInbox" name="test_invalid_status_rejected" time="0.067" /><testcase classname="tests.pytest.test_phase_f5_inbox_users.TestInbox" name="test_show_trashed_message" time="0.543" /><testcase classname="tests.pytest.test_phase_f5_inbox_users.TestInbox" name="test_trash_restore_force" time="1.076" /><testcase classname="tests.pytest.test_phase_f5_inbox_users.TestActivityLog" name="test_index_shape" time="0.067" /><testcase classname="tests.pytest.test_phase_f5_inbox_users.TestActivityLog" name="test_filters_endpoint" time="0.065" /><testcase classname="tests.pytest.test_phase_f5_inbox_users.TestActivityLog" name="test_action_and_module_filter" time="0.219" /><testcase classname="tests.pytest.test_phase_f5_inbox_users.TestActivityLog" name="test_date_range_filter" time="0.074" /><testcase classname="tests.pytest.test_phase_f5_inbox_users.TestActivityLog" name="test_to_date_includes_same_day" time="0.203" /><testcase classname="tests.pytest.test_phase_f5_inbox_users.TestActivityLog" name="test_user_filter" time="0.138" /><testcase classname="tests.pytest.test_phase_f5_inbox_users.TestActivityLog" name="test_before_after_payload_present" time="0.065" /><testcase classname="tests.pytest.test_phase_f5_inbox_users.TestRoles" name="test_roles_index" time="0.077" /><testcase classname="tests.pytest.test_phase_f5_inbox_users.TestUsers" name="test_index" time="0.063" /><testcase classname="tests.pytest.test_phase_f5_inbox_users.TestUsers" name="test_create_user" time="1.014" /><testcase classname="tests.pytest.test_phase_f5_inbox_users.TestUsers" name="test_short_password_rejected" time="0.074" /><testcase classname="tests.pytest.test_phase_f5_inbox_users.TestUsers" name="test_duplicate_email_rejected" time="0.067" /><testcase classname="tests.pytest.test_phase_f5_inbox_users.TestUsers" name="test_no_role_rejected" time="0.068" /><testcase classname="tests.pytest.test_phase_f5_inbox_users.TestUsers" name="test_update_without_password_keeps_login" time="0.979" /><testcase classname="tests.pytest.test_phase_f5_inbox_users.TestUsers" name="test_password_change_revokes_tokens" time="1.574" /><testcase classname="tests.pytest.test_phase_f5_inbox_users.TestUsers" name="test_toggle_active_revokes_tokens" time="1.246" /><testcase classname="tests.pytest.test_phase_f5_inbox_users.TestUsers" name="test_self_protection" time="0.216" /><testcase classname="tests.pytest.test_phase_f5_inbox_users.TestUsers" name="test_trash_and_restore" time="1.897" /><testcase classname="tests.pytest.test_phase_f5_inbox_users.TestDashboard" name="test_stats" time="0.081" /><testcase classname="tests.pytest.test_phase_f5_inbox_users.TestDashboard" name="test_counts_match_modules" time="0.228" /><testcase classname="tests.pytest.test_phase_f5_inbox_users.TestEditorPermissions" name="test_editor_forbidden_endpoints" time="0.905" /><testcase classname="tests.pytest.test_phase_f5_inbox_users.TestEditorPermissions" name="test_editor_can_read_inbox" time="0.083" /><testcase classname="tests.pytest.test_phase_f5_inbox_users.TestEditorPermissions" name="test_editor_cannot_force_delete_message" time="0.533" /><testcase classname="tests.pytest.test_phase_f5_inbox_users.TestEditorPermissions" name="test_unauthenticated_rejected" time="0.501" /><testcase classname="tests.pytest.test_phase_f5_inbox_users.TestRegression" name="test_existing_modules_still_reachable[hero]" time="0.080" /><testcase classname="tests.pytest.test_phase_f5_inbox_users.TestRegression" name="test_existing_modules_still_reachable[skills]" time="0.075" /><testcase classname="tests.pytest.test_phase_f5_inbox_users.TestRegression" name="test_existing_modules_still_reachable[navigation-menus]" time="0.075" /><testcase classname="tests.pytest.test_phase_f5_inbox_users.TestRegression" name="test_existing_modules_still_reachable[settings]" time="0.071" /><testcase classname="tests.pytest.test_phase_f5_inbox_users.TestRegression" name="test_existing_modules_still_reachable[testimonials]" time="0.068" /><testcase classname="tests.pytest.test_phase_f5_inbox_users.TestRegression" name="test_existing_modules_still_reachable[clients]" time="0.070" /><testcase classname="tests.pytest.test_phase_f5_inbox_users.TestRegression" name="test_existing_modules_still_reachable[projects]" time="0.072" /><testcase classname="tests.pytest.test_phase_f6_contact_seo.TestPublicContact" name="test_submit_valid_and_persist_in_inbox" time="0.727" /><testcase classname="tests.pytest.test_phase_f6_contact_seo.TestPublicContact" name="test_short_message_returns_422" time="0.257" /><testcase classname="tests.pytest.test_phase_f6_contact_seo.TestPublicContact" name="test_missing_fields_returns_422" time="0.114" /><testcase classname="tests.pytest.test_phase_f6_contact_seo.TestPublicContact" name="test_honeypot_rejected" time="0.112" /><testcase classname="tests.pytest.test_phase_f6_contact_seo.TestPublicContact" name="test_rate_limit_5_per_minute" time="0.125" /><testcase classname="tests.pytest.test_phase_f6_contact_seo.TestPublicSeo" name="test_seo_home_entry" time="0.119" /><testcase classname="tests.pytest.test_phase_f6_contact_seo.TestPublicSeo" name="test_public_settings" time="0.142" /><testcase classname="tests.pytest.test_phase_f6_contact_seo.TestPublicSeo" name="test_public_navigation" time="0.129" /><testcase classname="tests.pytest.test_phase_f6_contact_seo.TestRenderedSeo" name="test_root_html_title_and_description_from_cms" time="0.257" /><testcase classname="tests.pytest.test_phase_f6_contact_seo.TestRenderedSeo" name="test_json_ld_valid_and_from_cms" time="0.142" /><testcase classname="tests.pytest.test_phase_f6_contact_seo.TestRenderedSeo" name="test_robots_txt" time="0.235" /><testcase classname="tests.pytest.test_phase_f6_contact_seo.TestRenderedSeo" name="test_sitemap_xml" time="0.263" /><testcase classname="tests.pytest.test_phase_f6_contact_seo.TestRevalidateWebhook" name="test_valid_secret_and_tags" time="0.005" /><testcase classname="tests.pytest.test_phase_f6_contact_seo.TestRevalidateWebhook" name="test_wrong_secret_401" time="0.004" /><testcase classname="tests.pytest.test_phase_f6_contact_seo.TestRevalidateWebhook" name="test_missing_tags_422" time="0.003" /><testcase classname="tests.pytest.test_phase_f6_contact_seo.TestRevalidateWebhook" name="test_admin_mutation_triggers_revalidation_without_errors" time="3.264" /><testcase classname="tests.pytest.test_phase_f6_contact_seo.TestAdminInboxSmoke" name="test_list_and_stats" time="0.078" /><testcase classname="tests.pytest.test_phase_f6_contact_seo.TestAdminInboxSmoke" name="test_requires_auth" time="0.118" /><testcase classname="tests.pytest.test_phase_f7_trash_locale_media_security.TestSecurityHeaders" name="test_api_health_headers" time="0.181" /><testcase classname="tests.pytest.test_phase_f7_trash_locale_media_security.TestSecurityHeaders" name="test_frontend_headers[/]" time="0.243" /><testcase classname="tests.pytest.test_phase_f7_trash_locale_media_security.TestSecurityHeaders" name="test_frontend_headers[/admin/login]" time="0.162" /><testcase classname="tests.pytest.test_phase_f7_trash_locale_media_security.TestSecurityHeaders" name="test_csp_allows_google_fonts_and_api_storage" time="0.144" /><testcase classname="tests.pytest.test_phase_f7_trash_locale_media_security.TestTrash" name="test_index_shape_and_modules" time="0.521" /><testcase classname="tests.pytest.test_phase_f7_trash_locale_media_security.TestTrash" name="test_soft_delete_appears_in_trash_then_restore" time="0.593" /><testcase classname="tests.pytest.test_phase_f7_trash_locale_media_security.TestTrash" name="test_force_delete_removes_permanently" time="0.352" /><testcase classname="tests.pytest.test_phase_f7_trash_locale_media_security.TestTrash" name="test_unknown_module_returns_404" time="0.066" /><testcase classname="tests.pytest.test_phase_f7_trash_locale_media_security.TestTrash" name="test_editor_cannot_force_delete" time="0.867" /><testcase classname="tests.pytest.test_phase_f7_trash_locale_media_security.TestTrash" name="test_unauthenticated_trash_is_401" time="0.115" /><testcase classname="tests.pytest.test_phase_f7_trash_locale_media_security.TestLocales" name="test_index_has_id_default_and_en" time="0.082" /><testcase classname="tests.pytest.test_phase_f7_trash_locale_media_security.TestLocales" name="test_default_locale_cannot_be_deactivated_or_deleted" time="0.258" /><testcase classname="tests.pytest.test_phase_f7_trash_locale_media_security.TestLocales" name="test_set_default_switch_and_revert" time="0.336" /><testcase classname="tests.pytest.test_phase_f7_trash_locale_media_security.TestLocales" name="test_toggle_active_non_default_roundtrip" time="0.204" /><testcase classname="tests.pytest.test_phase_f7_trash_locale_media_security.TestLocales" name="test_create_soft_delete_trash_and_force_delete" time="0.489" /><testcase classname="tests.pytest.test_phase_f7_trash_locale_media_security.TestLocales" name="test_completeness_coverage" time="0.082" /><testcase classname="tests.pytest.test_phase_f7_trash_locale_media_security.TestMediaLibrary" name="test_folder_crud_and_non_empty_protection" time="0.824" /><testcase classname="tests.pytest.test_phase_f7_trash_locale_media_security.TestMediaLibrary" name="test_image_upload_generates_reachable_webp_and_thumbnail" time="0.703" /><testcase classname="tests.pytest.test_phase_f7_trash_locale_media_security.TestMediaLibrary" name="test_pdf_upload_variants_fallback_to_original" time="0.224" /><testcase classname="tests.pytest.test_phase_f7_trash_locale_media_security.TestMediaLibrary" name="test_update_details_and_move" time="0.871" /><testcase classname="tests.pytest.test_phase_f7_trash_locale_media_security.TestMediaLibrary" name="test_usage_tracking_and_force_delete_protection" time="0.791" /><testcase classname="tests.pytest.test_phase_f7_trash_locale_media_security.TestRichTextSanitisation" name="test_project_content_sanitised" time="0.362" /><testcase classname="tests.pytest.test_phase_f7_trash_locale_media_security.TestRichTextSanitisation" name="test_faq_answer_sanitised" time="0.359" /><testcase classname="tests.pytest.test_phase_f7_trash_locale_media_security.TestRichTextSanitisation" name="test_about_bio_sanitised" time="0.285" /><testcase classname="tests.pytest.test_phase_f7_trash_locale_media_security.TestFlatTranslatableGuard" name="test_project_flat_title_rejected" time="0.126" /><testcase classname="tests.pytest.test_phase_f7_trash_locale_media_security.TestFlatTranslatableGuard" name="test_project_nested_title_accepted" time="0.277" /><testcase classname="tests.pytest.test_phase_f7_trash_locale_media_security.TestFlatTranslatableGuard" name="test_faq_flat_fields_rejected" time="0.138" /><testcase classname="tests.pytest.test_phase_f7_trash_locale_media_security.TestFlatTranslatableGuard" name="test_seo_flat_meta_title_rejected" time="0.144" /></testsuite></testsuites>