<?xml version="1.0" encoding="utf-8"?><testsuites name="pytest tests"><testsuite name="pytest" errors="0" failures="0" skipped="0" tests="28" time="53.383" timestamp="2026-09-05T03:31:24.012176+00:00" hostname="agent-env-48e55004-a428-40e8-81e3-39a7fa80d283"><testcase classname="tests.pytest.test_phase_f7_trash_locale_media_security.TestSecurityHeaders" name="test_api_health_headers" time="0.149" /><testcase classname="tests.pytest.test_phase_f7_trash_locale_media_security.TestSecurityHeaders" name="test_frontend_headers[/]" time="0.107" /><testcase classname="tests.pytest.test_phase_f7_trash_locale_media_security.TestSecurityHeaders" name="test_frontend_headers[/admin/login]" time="0.131" /><testcase classname="tests.pytest.test_phase_f7_trash_locale_media_security.TestSecurityHeaders" name="test_csp_allows_google_fonts_and_api_storage" time="0.145" /><testcase classname="tests.pytest.test_phase_f7_trash_locale_media_security.TestTrash" name="test_index_shape_and_modules" time="0.519" /><testcase classname="tests.pytest.test_phase_f7_trash_locale_media_security.TestTrash" name="test_soft_delete_appears_in_trash_then_restore" time="0.538" /><testcase classname="tests.pytest.test_phase_f7_trash_locale_media_security.TestTrash" name="test_force_delete_removes_permanently" time="0.318" /><testcase classname="tests.pytest.test_phase_f7_trash_locale_media_security.TestTrash" name="test_unknown_module_returns_404" time="0.057" /><testcase classname="tests.pytest.test_phase_f7_trash_locale_media_security.TestTrash" name="test_editor_cannot_force_delete" time="0.774" /><testcase classname="tests.pytest.test_phase_f7_trash_locale_media_security.TestTrash" name="test_unauthenticated_trash_is_401" time="0.108" /><testcase classname="tests.pytest.test_phase_f7_trash_locale_media_security.TestLocales" name="test_index_has_id_default_and_en" time="0.063" /><testcase classname="tests.pytest.test_phase_f7_trash_locale_media_security.TestLocales" name="test_default_locale_cannot_be_deactivated_or_deleted" time="0.239" /><testcase classname="tests.pytest.test_phase_f7_trash_locale_media_security.TestLocales" name="test_set_default_switch_and_revert" time="0.304" /><testcase classname="tests.pytest.test_phase_f7_trash_locale_media_security.TestLocales" name="test_toggle_active_non_default_roundtrip" time="0.200" /><testcase classname="tests.pytest.test_phase_f7_trash_locale_media_security.TestLocales" name="test_create_soft_delete_trash_and_force_delete" time="44.605" /><testcase classname="tests.pytest.test_phase_f7_trash_locale_media_security.TestLocales" name="test_completeness_coverage" time="0.080" /><testcase classname="tests.pytest.test_phase_f7_trash_locale_media_security.TestMediaLibrary" name="test_folder_crud_and_non_empty_protection" time="0.734" /><testcase classname="tests.pytest.test_phase_f7_trash_locale_media_security.TestMediaLibrary" name="test_image_upload_generates_reachable_webp_and_thumbnail" time="0.818" /><testcase classname="tests.pytest.test_phase_f7_trash_locale_media_security.TestMediaLibrary" name="test_pdf_upload_variants_fallback_to_original" time="0.217" /><testcase classname="tests.pytest.test_phase_f7_trash_locale_media_security.TestMediaLibrary" name="test_update_details_and_move" time="0.908" /><testcase classname="tests.pytest.test_phase_f7_trash_locale_media_security.TestMediaLibrary" name="test_usage_tracking_and_force_delete_protection" time="0.718" /><testcase classname="tests.pytest.test_phase_f7_trash_locale_media_security.TestRichTextSanitisation" name="test_project_content_sanitised" time="0.314" /><testcase classname="tests.pytest.test_phase_f7_trash_locale_media_security.TestRichTextSanitisation" name="test_faq_answer_sanitised" time="0.314" /><testcase classname="tests.pytest.test_phase_f7_trash_locale_media_security.TestRichTextSanitisation" name="test_about_bio_sanitised" time="0.252" /><testcase classname="tests.pytest.test_phase_f7_trash_locale_media_security.TestFlatTranslatableGuard" name="test_project_flat_title_rejected" time="0.121" /><testcase classname="tests.pytest.test_phase_f7_trash_locale_media_security.TestFlatTranslatableGuard" name="test_project_nested_title_accepted" time="0.258" /><testcase classname="tests.pytest.test_phase_f7_trash_locale_media_security.TestFlatTranslatableGuard" name="test_faq_flat_fields_rejected" time="0.119" /><testcase classname="tests.pytest.test_phase_f7_trash_locale_media_security.TestFlatTranslatableGuard" name="test_seo_flat_meta_title_rejected" time="0.138" /></testsuite></testsuites>