<?xml version="1.0" encoding="utf-8"?><testsuites name="pytest tests"><testsuite name="pytest" errors="0" failures="1" skipped="0" tests="18" time="88.563" timestamp="2026-08-30T09:47:52.804002+00:00" hostname="agent-env-f0003dca-8c80-420a-8483-8aa28d35c0fc"><testcase classname="backend.tests.pytest.test_phase_f2_auth.TestLoginStep1" name="test_login_returns_challenge_and_no_access_token" time="1.256" /><testcase classname="backend.tests.pytest.test_phase_f2_auth.TestOtpDelivery" name="test_otp_written_to_mail_log_by_queue_worker" time="1.518" /><testcase classname="backend.tests.pytest.test_phase_f2_auth.TestLoginStep2" name="test_verify_returns_access_token_with_uuid_pat_id" time="2.605" /><testcase classname="backend.tests.pytest.test_phase_f2_auth.TestOtpSingleUse" name="test_replay_after_success_is_rejected" time="2.719" /><testcase classname="backend.tests.pytest.test_phase_f2_auth.TestOtpWrongCode" name="test_five_wrong_codes_destroy_challenge" time="3.744" /><testcase classname="backend.tests.pytest.test_phase_f2_auth.TestOtpExpiry" name="test_expired_challenge_is_rejected" time="2.428" /><testcase classname="backend.tests.pytest.test_phase_f2_auth.TestOtpResend" name="test_resend_cooldown_then_rotate_then_limit" time="6.180" /><testcase classname="backend.tests.pytest.test_phase_f2_auth.TestAccountLockout" name="test_five_wrong_passwords_lock_account" time="3.094" /><testcase classname="backend.tests.pytest.test_phase_f2_auth.TestAccountLockout" name="test_success_resets_failed_counter" time="2.096" /><testcase classname="backend.tests.pytest.test_phase_f2_auth.TestEnumerationProtection" name="test_unknown_email_same_message_as_wrong_password" time="1.698" /><testcase classname="backend.tests.pytest.test_phase_f2_auth.TestInactiveAccount" name="test_deactivated_account_returns_403" time="9.654" /><testcase classname="backend.tests.pytest.test_phase_f2_auth.TestInputValidation" name="test_login_malformed_email_and_missing_password" time="11.887" /><testcase classname="backend.tests.pytest.test_phase_f2_auth.TestInputValidation" name="test_verify_short_token_and_non_numeric_code" time="12.837" /><testcase classname="backend.tests.pytest.test_phase_f2_auth.TestSessionEndpoints" name="test_me_logout_and_logout_all" time="17.233" /><testcase classname="backend.tests.pytest.test_phase_f2_auth.TestRateLimiting" name="test_login_throttle_shape" time="3.048"><failure message="AssertionError: 401&#10;assert 401 == 429&#10; +  where 401 = &lt;Response [401]&gt;.status_code">backend/tests/pytest/test_phase_f2_auth.py:490: in test_login_throttle_shape
    assert last.status_code == 429, last.status_code
E   AssertionError: 401
E   assert 401 == 429
E    +  where 401 = &lt;Response [401]&gt;.status_code</failure></testcase><testcase classname="backend.tests.pytest.test_phase_f2_auth.TestAuditTrail" name="test_activity_log_actions_are_recorded" time="5.581" /><testcase classname="backend.tests.pytest.test_phase_f2_auth.TestRegression" name="test_health_still_ok" time="0.422" /><testcase classname="backend.tests.pytest.test_phase_f2_auth.TestRegression" name="test_unknown_route_json_404" time="0.433" /></testsuite></testsuites>