<?xml version="1.0" encoding="utf-8"?><testsuites name="pytest tests"><testsuite name="pytest" errors="0" failures="0" skipped="0" tests="18" time="10.416" timestamp="2026-08-30T13:46:48.623172+00:00" hostname="agent-env-7c6828c2-5aa9-4e38-ab4c-301f3e1bcff9"><testcase classname="tests.pytest.test_phase_f3c_portfolio.TestAuth" name="test_health" time="0.172" /><testcase classname="tests.pytest.test_phase_f3c_portfolio.TestAuth" name="test_login_without_2fa_returns_token" time="0.377" /><testcase classname="tests.pytest.test_phase_f3c_portfolio.TestAuth" name="test_login_with_2fa_flow" time="4.007" /><testcase classname="tests.pytest.test_phase_f3c_portfolio.TestAuth" name="test_me_requires_auth" time="0.109" /><testcase classname="tests.pytest.test_phase_f3c_portfolio.TestMedia" name="test_upload_serve_update_trash_restore_force" time="1.319" /><testcase classname="tests.pytest.test_phase_f3c_portfolio.TestMedia" name="test_upload_rejects_non_image" time="0.089" /><testcase classname="tests.pytest.test_phase_f3c_portfolio.TestMedia" name="test_pagination_meta" time="0.058" /><testcase classname="tests.pytest.test_phase_f3c_portfolio.TestTechnologies" name="test_full_lifecycle" time="0.775" /><testcase classname="tests.pytest.test_phase_f3c_portfolio.TestTechnologies" name="test_invalid_slug_returns_422_with_field_error" time="0.062" /><testcase classname="tests.pytest.test_phase_f3c_portfolio.TestProjectCategories" name="test_translatable_create_and_partial_update" time="0.387" /><testcase classname="tests.pytest.test_phase_f3c_portfolio.TestProjectCategories" name="test_index_exposes_projects_count" time="0.066" /><testcase classname="tests.pytest.test_phase_f3c_portfolio.TestProjects" name="test_seeded_list_and_filters" time="0.263" /><testcase classname="tests.pytest.test_phase_f3c_portfolio.TestProjects" name="test_create_update_publish_toggle_trash_lifecycle" time="1.077" /><testcase classname="tests.pytest.test_phase_f3c_portfolio.TestProjects" name="test_empty_payload_returns_422" time="0.060" /><testcase classname="tests.pytest.test_phase_f3c_portfolio.TestProjects" name="test_reorder_persists" time="0.326" /><testcase classname="tests.pytest.test_phase_f3c_portfolio.TestEditorPermissions" name="test_editor_can_view" time="0.647" /><testcase classname="tests.pytest.test_phase_f3c_portfolio.TestEditorPermissions" name="test_editor_cannot_delete" time="0.428" /><testcase classname="tests.pytest.test_phase_f3c_portfolio.TestEditorPermissions" name="test_editor_cannot_force_delete" time="0.131" /></testsuite></testsuites>