<?xml version="1.0" encoding="utf-8"?><testsuites name="pytest tests"><testsuite name="pytest" errors="0" failures="0" skipped="0" tests="32" time="1.226" timestamp="2026-08-30T09:35:17.531333+00:00" hostname="agent-env-f0003dca-8c80-420a-8483-8aa28d35c0fc"><testcase classname="backend.tests.pytest.test_phase_f1_foundation.TestHealth" name="test_health_success_envelope" time="0.240" /><testcase classname="backend.tests.pytest.test_phase_f1_foundation.TestErrorEnvelope" name="test_unknown_route_returns_json_404" time="0.106" /><testcase classname="backend.tests.pytest.test_phase_f1_foundation.TestSchema" name="test_uuid_primary_key[users]" time="0.013" /><testcase classname="backend.tests.pytest.test_phase_f1_foundation.TestSchema" name="test_uuid_primary_key[roles]" time="0.010" /><testcase classname="backend.tests.pytest.test_phase_f1_foundation.TestSchema" name="test_uuid_primary_key[permissions]" time="0.010" /><testcase classname="backend.tests.pytest.test_phase_f1_foundation.TestSchema" name="test_uuid_primary_key[role_permission]" time="0.009" /><testcase classname="backend.tests.pytest.test_phase_f1_foundation.TestSchema" name="test_uuid_primary_key[role_user]" time="0.010" /><testcase classname="backend.tests.pytest.test_phase_f1_foundation.TestSchema" name="test_uuid_primary_key[two_factor_codes]" time="0.009" /><testcase classname="backend.tests.pytest.test_phase_f1_foundation.TestSchema" name="test_uuid_primary_key[activity_logs]" time="0.010" /><testcase classname="backend.tests.pytest.test_phase_f1_foundation.TestSchema" name="test_uuid_primary_key[locales]" time="0.010" /><testcase classname="backend.tests.pytest.test_phase_f1_foundation.TestSchema" name="test_uuid_primary_key[settings]" time="0.009" /><testcase classname="backend.tests.pytest.test_phase_f1_foundation.TestSchema" name="test_uuid_primary_key[setting_translations]" time="0.010" /><testcase classname="backend.tests.pytest.test_phase_f1_foundation.TestSchema" name="test_uuid_primary_key[personal_access_tokens]" time="0.010" /><testcase classname="backend.tests.pytest.test_phase_f1_foundation.TestSchema" name="test_soft_delete_column[users]" time="0.009" /><testcase classname="backend.tests.pytest.test_phase_f1_foundation.TestSchema" name="test_soft_delete_column[roles]" time="0.010" /><testcase classname="backend.tests.pytest.test_phase_f1_foundation.TestSchema" name="test_soft_delete_column[permissions]" time="0.010" /><testcase classname="backend.tests.pytest.test_phase_f1_foundation.TestSchema" name="test_soft_delete_column[locales]" time="0.011" /><testcase classname="backend.tests.pytest.test_phase_f1_foundation.TestSchema" name="test_soft_delete_column[settings]" time="0.010" /><testcase classname="backend.tests.pytest.test_phase_f1_foundation.TestSeededData" name="test_permission_count_and_slug_format" time="0.017" /><testcase classname="backend.tests.pytest.test_phase_f1_foundation.TestSeededData" name="test_role_permission_counts" time="0.010" /><testcase classname="backend.tests.pytest.test_phase_f1_foundation.TestSeededData" name="test_editor_no_projects_delete" time="0.009" /><testcase classname="backend.tests.pytest.test_phase_f1_foundation.TestSeededData" name="test_locales_and_settings" time="0.026" /><testcase classname="backend.tests.pytest.test_phase_f1_foundation.TestSeededData" name="test_admin_user_seeded" time="0.009" /><testcase classname="backend.tests.pytest.test_phase_f1_foundation.TestSeededData" name="test_admin_attached_to_super_admin_with_uuid_pivot" time="0.009" /><testcase classname="backend.tests.pytest.test_phase_f1_foundation.TestUuidV7" name="test_ids_are_uuid_v7[users]" time="0.009" /><testcase classname="backend.tests.pytest.test_phase_f1_foundation.TestUuidV7" name="test_ids_are_uuid_v7[roles]" time="0.008" /><testcase classname="backend.tests.pytest.test_phase_f1_foundation.TestUuidV7" name="test_ids_are_uuid_v7[permissions]" time="0.009" /><testcase classname="backend.tests.pytest.test_phase_f1_foundation.TestUuidV7" name="test_ids_are_uuid_v7[role_user]" time="0.009" /><testcase classname="backend.tests.pytest.test_phase_f1_foundation.TestUuidV7" name="test_ids_are_uuid_v7[role_permission]" time="0.011" /><testcase classname="backend.tests.pytest.test_phase_f1_foundation.TestUuidV7" name="test_ids_are_uuid_v7[locales]" time="0.009" /><testcase classname="backend.tests.pytest.test_phase_f1_foundation.TestUuidV7" name="test_ids_are_uuid_v7[settings]" time="0.009" /><testcase classname="backend.tests.pytest.test_phase_f1_foundation.TestSeederIdempotency" name="test_reseed_does_not_duplicate" time="0.447" /></testsuite></testsuites>